This is pdfTeX, Version 3.14159265-2.6-1.40.16 (MiKTeX 2.9 64-bit) (preloaded format=pdflatex 2015.12.14)  28 JUL 2016 14:02
entering extended mode
**./PmSwEng.tex
(PmSwEng.tex
LaTeX2e <2015/10/01> patch level 2
Babel <3.9m> and hyphenation patterns for 69 languages loaded.

("C:\Users\Lukas Vassalli\AppData\Local\Programs\MiKTeX 2.9\tex\latex\koma-scri
pt\scrartcl.cls"
Document Class: scrartcl 2015/10/03 v3.19a KOMA-Script document class (article)


("C:\Users\Lukas Vassalli\AppData\Local\Programs\MiKTeX 2.9\tex\latex\koma-scri
pt\scrkbase.sty"
Package: scrkbase 2015/10/03 v3.19a KOMA-Script package (KOMA-Script-dependent 
basics and keyval usage)

("C:\Users\Lukas Vassalli\AppData\Local\Programs\MiKTeX 2.9\tex\latex\koma-scri
pt\scrbase.sty"
Package: scrbase 2015/10/03 v3.19a KOMA-Script package (KOMA-Script-independent
 basics and keyval usage)

("C:\Program Files (x86)\MiKTeX 2.9\tex\latex\graphics\keyval.sty"
Package: keyval 2014/10/28 v1.15 key=value parser (DPC)
\KV@toks@=\toks14
)
("C:\Users\Lukas Vassalli\AppData\Local\Programs\MiKTeX 2.9\tex\latex\koma-scri
pt\scrlfile.sty"
Package: scrlfile 2015/10/03 v3.19a KOMA-Script package (loading files)

Package scrlfile, 2015/10/03 v3.19a KOMA-Script package (loading files)
                  Copyright (C) Markus Kohm

)))
("C:\Users\Lukas Vassalli\AppData\Local\Programs\MiKTeX 2.9\tex\latex\koma-scri
pt\tocbasic.sty"
Package: tocbasic 2015/10/03 v3.19a KOMA-Script package (handling toc-files)
)
Package tocbasic Info: omitting babel extension for `toc'
(tocbasic)             because of feature `nobabel' available
(tocbasic)             for `toc' on input line 123.
Package tocbasic Info: omitting babel extension for `lof'
(tocbasic)             because of feature `nobabel' available
(tocbasic)             for `lof' on input line 124.
Package tocbasic Info: omitting babel extension for `lot'
(tocbasic)             because of feature `nobabel' available
(tocbasic)             for `lot' on input line 125.
Class scrartcl Info: File `scrsize11pt.clo' used instead of
(scrartcl)           file `scrsize11.clo' to setup font sizes on input line 203
3.

("C:\Users\Lukas Vassalli\AppData\Local\Programs\MiKTeX 2.9\tex\latex\koma-scri
pt\scrsize11pt.clo"
File: scrsize11pt.clo 2015/10/03 v3.19a KOMA-Script font size class option (11p
t)
)
("C:\Users\Lukas Vassalli\AppData\Local\Programs\MiKTeX 2.9\tex\latex\koma-scri
pt\typearea.sty"
Package: typearea 2015/10/03 v3.19a KOMA-Script package (type area)

Package typearea, 2015/10/03 v3.19a KOMA-Script package (type area)
                  Copyright (C) Frank Neukam, 1992-1994
                  Copyright (C) Markus Kohm, 1994-

\ta@bcor=\skip41
\ta@div=\count79
\ta@hblk=\skip42
\ta@vblk=\skip43
\ta@temp=\skip44
\footheight=\skip45
Package typearea Info: These are the values describing the layout:
(typearea)             DIV  = 10
(typearea)             BCOR = 0.0pt
(typearea)             \paperwidth      = 597.50793pt
(typearea)              \textwidth      = 418.25555pt
(typearea)              DIV departure   = -6%
(typearea)              \evensidemargin = 17.3562pt
(typearea)              \oddsidemargin  = 17.3562pt
(typearea)             \paperheight     = 845.04694pt
(typearea)              \textheight     = 595.80026pt
(typearea)              \topmargin      = -25.16531pt
(typearea)              \headheight     = 17.0pt
(typearea)              \headsep        = 20.40001pt
(typearea)              \topskip        = 11.0pt
(typearea)              \footskip       = 47.6pt
(typearea)              \baselineskip   = 13.6pt
(typearea)              on input line 1509.
)
\c@part=\count80
\c@section=\count81
\c@subsection=\count82
\c@subsubsection=\count83
\c@paragraph=\count84
\c@subparagraph=\count85
LaTeX Info: Redefining \textsubscript on input line 3906.
\abovecaptionskip=\skip46
\belowcaptionskip=\skip47
\c@pti@nb@sid@b@x=\box26
\c@figure=\count86
\c@table=\count87
\bibindent=\dimen102
)
\@input{header/zusammenfassung.aux}
\openout2 = `header/zusammenfassung.aux'.

(header/zusammenfassung.tex (header/header.tex
("C:\Program Files (x86)\MiKTeX 2.9\tex\latex\base\inputenc.sty"
Package: inputenc 2015/03/17 v1.2c Input encoding file
\inpenc@prehook=\toks15
\inpenc@posthook=\toks16

("C:\Program Files (x86)\MiKTeX 2.9\tex\latex\base\utf8.def"
File: utf8.def 2015/09/07 v1.1p UTF-8 support for inputenc
Now handling font encoding OML ...
... no UTF-8 mapping file for font encoding OML
Now handling font encoding T1 ...
... processing UTF-8 mapping file for font encoding T1

("C:\Program Files (x86)\MiKTeX 2.9\tex\latex\base\t1enc.dfu"
File: t1enc.dfu 2015/09/07 v1.1p UTF-8 support for inputenc
   defining Unicode char U+00A0 (decimal 160)
   defining Unicode char U+00A1 (decimal 161)
   defining Unicode char U+00A3 (decimal 163)
   defining Unicode char U+00AB (decimal 171)
   defining Unicode char U+00AD (decimal 173)
   defining Unicode char U+00BB (decimal 187)
   defining Unicode char U+00BF (decimal 191)
   defining Unicode char U+00C0 (decimal 192)
   defining Unicode char U+00C1 (decimal 193)
   defining Unicode char U+00C2 (decimal 194)
   defining Unicode char U+00C3 (decimal 195)
   defining Unicode char U+00C4 (decimal 196)
   defining Unicode char U+00C5 (decimal 197)
   defining Unicode char U+00C6 (decimal 198)
   defining Unicode char U+00C7 (decimal 199)
   defining Unicode char U+00C8 (decimal 200)
   defining Unicode char U+00C9 (decimal 201)
   defining Unicode char U+00CA (decimal 202)
   defining Unicode char U+00CB (decimal 203)
   defining Unicode char U+00CC (decimal 204)
   defining Unicode char U+00CD (decimal 205)
   defining Unicode char U+00CE (decimal 206)
   defining Unicode char U+00CF (decimal 207)
   defining Unicode char U+00D0 (decimal 208)
   defining Unicode char U+00D1 (decimal 209)
   defining Unicode char U+00D2 (decimal 210)
   defining Unicode char U+00D3 (decimal 211)
   defining Unicode char U+00D4 (decimal 212)
   defining Unicode char U+00D5 (decimal 213)
   defining Unicode char U+00D6 (decimal 214)
   defining Unicode char U+00D8 (decimal 216)
   defining Unicode char U+00D9 (decimal 217)
   defining Unicode char U+00DA (decimal 218)
   defining Unicode char U+00DB (decimal 219)
   defining Unicode char U+00DC (decimal 220)
   defining Unicode char U+00DD (decimal 221)
   defining Unicode char U+00DE (decimal 222)
   defining Unicode char U+00DF (decimal 223)
   defining Unicode char U+00E0 (decimal 224)
   defining Unicode char U+00E1 (decimal 225)
   defining Unicode char U+00E2 (decimal 226)
   defining Unicode char U+00E3 (decimal 227)
   defining Unicode char U+00E4 (decimal 228)
   defining Unicode char U+00E5 (decimal 229)
   defining Unicode char U+00E6 (decimal 230)
   defining Unicode char U+00E7 (decimal 231)
   defining Unicode char U+00E8 (decimal 232)
   defining Unicode char U+00E9 (decimal 233)
   defining Unicode char U+00EA (decimal 234)
   defining Unicode char U+00EB (decimal 235)
   defining Unicode char U+00EC (decimal 236)
   defining Unicode char U+00ED (decimal 237)
   defining Unicode char U+00EE (decimal 238)
   defining Unicode char U+00EF (decimal 239)
   defining Unicode char U+00F0 (decimal 240)
   defining Unicode char U+00F1 (decimal 241)
   defining Unicode char U+00F2 (decimal 242)
   defining Unicode char U+00F3 (decimal 243)
   defining Unicode char U+00F4 (decimal 244)
   defining Unicode char U+00F5 (decimal 245)
   defining Unicode char U+00F6 (decimal 246)
   defining Unicode char U+00F8 (decimal 248)
   defining Unicode char U+00F9 (decimal 249)
   defining Unicode char U+00FA (decimal 250)
   defining Unicode char U+00FB (decimal 251)
   defining Unicode char U+00FC (decimal 252)
   defining Unicode char U+00FD (decimal 253)
   defining Unicode char U+00FE (decimal 254)
   defining Unicode char U+00FF (decimal 255)
   defining Unicode char U+0102 (decimal 258)
   defining Unicode char U+0103 (decimal 259)
   defining Unicode char U+0104 (decimal 260)
   defining Unicode char U+0105 (decimal 261)
   defining Unicode char U+0106 (decimal 262)
   defining Unicode char U+0107 (decimal 263)
   defining Unicode char U+010C (decimal 268)
   defining Unicode char U+010D (decimal 269)
   defining Unicode char U+010E (decimal 270)
   defining Unicode char U+010F (decimal 271)
   defining Unicode char U+0110 (decimal 272)
   defining Unicode char U+0111 (decimal 273)
   defining Unicode char U+0118 (decimal 280)
   defining Unicode char U+0119 (decimal 281)
   defining Unicode char U+011A (decimal 282)
   defining Unicode char U+011B (decimal 283)
   defining Unicode char U+011E (decimal 286)
   defining Unicode char U+011F (decimal 287)
   defining Unicode char U+0130 (decimal 304)
   defining Unicode char U+0131 (decimal 305)
   defining Unicode char U+0132 (decimal 306)
   defining Unicode char U+0133 (decimal 307)
   defining Unicode char U+0139 (decimal 313)
   defining Unicode char U+013A (decimal 314)
   defining Unicode char U+013D (decimal 317)
   defining Unicode char U+013E (decimal 318)
   defining Unicode char U+0141 (decimal 321)
   defining Unicode char U+0142 (decimal 322)
   defining Unicode char U+0143 (decimal 323)
   defining Unicode char U+0144 (decimal 324)
   defining Unicode char U+0147 (decimal 327)
   defining Unicode char U+0148 (decimal 328)
   defining Unicode char U+014A (decimal 330)
   defining Unicode char U+014B (decimal 331)
   defining Unicode char U+0150 (decimal 336)
   defining Unicode char U+0151 (decimal 337)
   defining Unicode char U+0152 (decimal 338)
   defining Unicode char U+0153 (decimal 339)
   defining Unicode char U+0154 (decimal 340)
   defining Unicode char U+0155 (decimal 341)
   defining Unicode char U+0158 (decimal 344)
   defining Unicode char U+0159 (decimal 345)
   defining Unicode char U+015A (decimal 346)
   defining Unicode char U+015B (decimal 347)
   defining Unicode char U+015E (decimal 350)
   defining Unicode char U+015F (decimal 351)
   defining Unicode char U+0160 (decimal 352)
   defining Unicode char U+0161 (decimal 353)
   defining Unicode char U+0162 (decimal 354)
   defining Unicode char U+0163 (decimal 355)
   defining Unicode char U+0164 (decimal 356)
   defining Unicode char U+0165 (decimal 357)
   defining Unicode char U+016E (decimal 366)
   defining Unicode char U+016F (decimal 367)
   defining Unicode char U+0170 (decimal 368)
   defining Unicode char U+0171 (decimal 369)
   defining Unicode char U+0174 (decimal 372)
   defining Unicode char U+0175 (decimal 373)
   defining Unicode char U+0176 (decimal 374)
   defining Unicode char U+0177 (decimal 375)
   defining Unicode char U+0178 (decimal 376)
   defining Unicode char U+0179 (decimal 377)
   defining Unicode char U+017A (decimal 378)
   defining Unicode char U+017B (decimal 379)
   defining Unicode char U+017C (decimal 380)
   defining Unicode char U+017D (decimal 381)
   defining Unicode char U+017E (decimal 382)
   defining Unicode char U+0218 (decimal 536)
   defining Unicode char U+0219 (decimal 537)
   defining Unicode char U+021A (decimal 538)
   defining Unicode char U+021B (decimal 539)
   defining Unicode char U+200C (decimal 8204)
   defining Unicode char U+2013 (decimal 8211)
   defining Unicode char U+2014 (decimal 8212)
   defining Unicode char U+2018 (decimal 8216)
   defining Unicode char U+2019 (decimal 8217)
   defining Unicode char U+201A (decimal 8218)
   defining Unicode char U+201C (decimal 8220)
   defining Unicode char U+201D (decimal 8221)
   defining Unicode char U+201E (decimal 8222)
   defining Unicode char U+2030 (decimal 8240)
   defining Unicode char U+2031 (decimal 8241)
   defining Unicode char U+2039 (decimal 8249)
   defining Unicode char U+203A (decimal 8250)
   defining Unicode char U+2423 (decimal 9251)
)
Now handling font encoding OT1 ...
... processing UTF-8 mapping file for font encoding OT1

("C:\Program Files (x86)\MiKTeX 2.9\tex\latex\base\ot1enc.dfu"
File: ot1enc.dfu 2015/09/07 v1.1p UTF-8 support for inputenc
   defining Unicode char U+00A0 (decimal 160)
   defining Unicode char U+00A1 (decimal 161)
   defining Unicode char U+00A3 (decimal 163)
   defining Unicode char U+00AD (decimal 173)
   defining Unicode char U+00B8 (decimal 184)
   defining Unicode char U+00BF (decimal 191)
   defining Unicode char U+00C5 (decimal 197)
   defining Unicode char U+00C6 (decimal 198)
   defining Unicode char U+00D8 (decimal 216)
   defining Unicode char U+00DF (decimal 223)
   defining Unicode char U+00E6 (decimal 230)
   defining Unicode char U+00EC (decimal 236)
   defining Unicode char U+00ED (decimal 237)
   defining Unicode char U+00EE (decimal 238)
   defining Unicode char U+00EF (decimal 239)
   defining Unicode char U+00F8 (decimal 248)
   defining Unicode char U+0131 (decimal 305)
   defining Unicode char U+0141 (decimal 321)
   defining Unicode char U+0142 (decimal 322)
   defining Unicode char U+0152 (decimal 338)
   defining Unicode char U+0153 (decimal 339)
   defining Unicode char U+0174 (decimal 372)
   defining Unicode char U+0175 (decimal 373)
   defining Unicode char U+0176 (decimal 374)
   defining Unicode char U+0177 (decimal 375)
   defining Unicode char U+0218 (decimal 536)
   defining Unicode char U+0219 (decimal 537)
   defining Unicode char U+021A (decimal 538)
   defining Unicode char U+021B (decimal 539)
   defining Unicode char U+2013 (decimal 8211)
   defining Unicode char U+2014 (decimal 8212)
   defining Unicode char U+2018 (decimal 8216)
   defining Unicode char U+2019 (decimal 8217)
   defining Unicode char U+201C (decimal 8220)
   defining Unicode char U+201D (decimal 8221)
)
Now handling font encoding OMS ...
... processing UTF-8 mapping file for font encoding OMS

("C:\Program Files (x86)\MiKTeX 2.9\tex\latex\base\omsenc.dfu"
File: omsenc.dfu 2015/09/07 v1.1p UTF-8 support for inputenc
   defining Unicode char U+00A7 (decimal 167)
   defining Unicode char U+00B6 (decimal 182)
   defining Unicode char U+00B7 (decimal 183)
   defining Unicode char U+2020 (decimal 8224)
   defining Unicode char U+2021 (decimal 8225)
   defining Unicode char U+2022 (decimal 8226)
)
Now handling font encoding OMX ...
... no UTF-8 mapping file for font encoding OMX
Now handling font encoding U ...
... no UTF-8 mapping file for font encoding U
   defining Unicode char U+00A9 (decimal 169)
   defining Unicode char U+00AA (decimal 170)
   defining Unicode char U+00AE (decimal 174)
   defining Unicode char U+00BA (decimal 186)
   defining Unicode char U+02C6 (decimal 710)
   defining Unicode char U+02DC (decimal 732)
   defining Unicode char U+200C (decimal 8204)
   defining Unicode char U+2026 (decimal 8230)
   defining Unicode char U+2122 (decimal 8482)
   defining Unicode char U+2423 (decimal 9251)
))
("C:\Program Files (x86)\MiKTeX 2.9\tex\generic\babel\babel.sty"
Package: babel 2015/08/03 3.9m The Babel package

*************************************
* Local config file bblopts.cfg used
*

("C:\Users\Lukas Vassalli\AppData\Local\Programs\MiKTeX 2.9\tex\latex\arabi\bbl
opts.cfg"
File: bblopts.cfg 2005/09/08 v0.1 add Arabic and Farsi to "declared" options of
 babel
)
("C:\Users\Lukas Vassalli\AppData\Local\Programs\MiKTeX 2.9\tex\latex\babel-eng
lish\english.ldf"
Language: english 2012/08/20 v3.3p English support from the babel system

("C:\Program Files (x86)\MiKTeX 2.9\tex\generic\babel\babel.def"
File: babel.def 2015/08/03 3.9m Babel common definitions
\babel@savecnt=\count88
\U@D=\dimen103
)
\l@canadian = a dialect from \language\l@american 
\l@australian = a dialect from \language\l@british 
\l@newzealand = a dialect from \language\l@british 
)
("C:\Users\Lukas Vassalli\AppData\Local\Programs\MiKTeX 2.9\tex\latex\babel-ger
man\ngerman.ldf"
Language: ngerman 2013/12/13 v2.7 German support for babel (new orthography)

("C:\Users\Lukas Vassalli\AppData\Local\Programs\MiKTeX 2.9\tex\latex\babel-ger
man\ngermanb.ldf"
Language: ngermanb 2013/12/13 v2.7 German support for babel (new orthography)
\l@naustrian = a dialect from \language\l@ngerman 
\l@nswissgerman = a dialect from \language\l@ngerman 
Package babel Info: Making " an active character on input line 88.
)))
("C:\Users\Lukas Vassalli\AppData\Local\Programs\MiKTeX 2.9\tex\latex\koma-scri
pt\scrpage2.sty"
Package: scrpage2 2015/10/03 v3.19a KOMA-Script package (page head and foot)
LaTeX Info: Redefining \pagemark on input line 174.
)
("C:\Program Files (x86)\MiKTeX 2.9\tex\latex\tools\tabularx.sty"
Package: tabularx 2014/10/28 v2.10 `tabularx' package (DPC)

("C:\Program Files (x86)\MiKTeX 2.9\tex\latex\tools\array.sty"
Package: array 2014/10/28 v2.4c Tabular extension package (FMi)
\col@sep=\dimen104
\extrarowheight=\dimen105
\NC@list=\toks17
\extratabsurround=\skip48
\backup@length=\skip49
)
\TX@col@width=\dimen106
\TX@old@table=\dimen107
\TX@old@col=\dimen108
\TX@target=\dimen109
\TX@delta=\dimen110
\TX@cols=\count89
\TX@ftn=\toks18
)
("C:\Users\Lukas Vassalli\AppData\Local\Programs\MiKTeX 2.9\tex\latex\caption\c
aption.sty"
Package: caption 2016/02/02 v3.3-136 Customizing captions (AR)

("C:\Users\Lukas Vassalli\AppData\Local\Programs\MiKTeX 2.9\tex\latex\caption\c
aption3.sty"
Package: caption3 2016/02/02 v1.7-136 caption3 kernel (AR)
Package caption3 Info: TeX engine: e-TeX on input line 57.
\captionmargin=\dimen111
\captionmargin@=\dimen112
\captionwidth=\dimen113
\caption@tempdima=\dimen114
\caption@indent=\dimen115
\caption@parindent=\dimen116
\caption@hangindent=\dimen117
)
Package caption Info: KOMA-Script document class.
\c@ContinuedFloat=\count90
))
("C:\Users\Lukas Vassalli\AppData\Local\Programs\MiKTeX 2.9\tex\latex\caption\s
ubcaption.sty"
Package: subcaption 2016/02/02 v1.1-136 Sub-captions (AR)
\c@subfigure=\count91
\c@subtable=\count92
) (header/hsrColors.tex
("C:\Users\Lukas Vassalli\AppData\Local\Programs\MiKTeX 2.9\tex\latex\xcolor\xc
olor.sty"
Package: xcolor 2007/01/21 v2.11 LaTeX color extensions (UK)
 ("C:\Program Files (x86)\MiKTeX 2.9\tex\latex\00miktex\color.cfg"
File: color.cfg 2007/01/18 v1.5 color configuration of teTeX/TeXLive
)
Package xcolor Info: Driver file: pdftex.def on input line 225.

("C:\Program Files (x86)\MiKTeX 2.9\tex\latex\pdftex-def\pdftex.def"
File: pdftex.def 2011/05/27 v0.06d Graphics/color for pdfTeX

("C:\Program Files (x86)\MiKTeX 2.9\tex\generic\oberdiek\infwarerr.sty"
Package: infwarerr 2010/04/08 v1.3 Providing info/warning/error messages (HO)
)
("C:\Program Files (x86)\MiKTeX 2.9\tex\generic\oberdiek\ltxcmds.sty"
Package: ltxcmds 2011/11/09 v1.22 LaTeX kernel commands for general use (HO)
)
\Gread@gobject=\count93
)
("C:\Users\Lukas Vassalli\AppData\Local\Programs\MiKTeX 2.9\tex\latex\colortbl\
colortbl.sty"
Package: colortbl 2012/02/13 v1.0a Color table columns (DPC)
\everycr=\toks19
\minrowclearance=\skip50
)
\rownum=\count94
Package xcolor Info: Model `cmy' substituted by `cmy0' on input line 1337.
Package xcolor Info: Model `hsb' substituted by `rgb' on input line 1341.
Package xcolor Info: Model `RGB' extended on input line 1353.
Package xcolor Info: Model `HTML' substituted by `rgb' on input line 1355.
Package xcolor Info: Model `Hsb' substituted by `hsb' on input line 1356.
Package xcolor Info: Model `tHsb' substituted by `hsb' on input line 1357.
Package xcolor Info: Model `HSB' substituted by `hsb' on input line 1358.
Package xcolor Info: Model `Gray' substituted by `gray' on input line 1359.
Package xcolor Info: Model `wave' substituted by `hsb' on input line 1360.
)) (header/mathe.tex
("C:\Program Files (x86)\MiKTeX 2.9\tex\latex\amsfonts\amssymb.sty"
Package: amssymb 2013/01/14 v3.01 AMS font symbols

("C:\Program Files (x86)\MiKTeX 2.9\tex\latex\amsfonts\amsfonts.sty"
Package: amsfonts 2013/01/14 v3.01 Basic AMSFonts support
\@emptytoks=\toks20
\symAMSa=\mathgroup4
\symAMSb=\mathgroup5
LaTeX Font Info:    Overwriting math alphabet `\mathfrak' in version `bold'
(Font)                  U/euf/m/n --> U/euf/b/n on input line 106.
))
("C:\Users\Lukas Vassalli\AppData\Local\Programs\MiKTeX 2.9\tex\latex\mathtools
\mathtools.sty"
Package: mathtools 2015/11/12 v1.18 mathematical typesetting tools
 ("C:\Program Files (x86)\MiKTeX 2.9\tex\latex\tools\calc.sty"
Package: calc 2014/10/28 v4.3 Infix arithmetic (KKT,FJ)
\calc@Acount=\count95
\calc@Bcount=\count96
\calc@Adimen=\dimen118
\calc@Bdimen=\dimen119
\calc@Askip=\skip51
\calc@Bskip=\skip52
LaTeX Info: Redefining \setlength on input line 80.
LaTeX Info: Redefining \addtolength on input line 81.
\calc@Ccount=\count97
\calc@Cskip=\skip53
)
("C:\Users\Lukas Vassalli\AppData\Local\Programs\MiKTeX 2.9\tex\latex\mathtools
\mhsetup.sty"
Package: mhsetup 2010/01/21 v1.2a programming setup (MH)
) ("C:\Program Files (x86)\MiKTeX 2.9\tex\latex\amsmath\amsmath.sty"
Package: amsmath 2013/01/14 v2.14 AMS math features
\@mathmargin=\skip54

For additional information on amsmath, use the `?' option.
("C:\Program Files (x86)\MiKTeX 2.9\tex\latex\amsmath\amstext.sty"
Package: amstext 2000/06/29 v2.01

("C:\Program Files (x86)\MiKTeX 2.9\tex\latex\amsmath\amsgen.sty"
File: amsgen.sty 1999/11/30 v2.0
\@emptytoks=\toks21
\ex@=\dimen120
))
("C:\Program Files (x86)\MiKTeX 2.9\tex\latex\amsmath\amsbsy.sty"
Package: amsbsy 1999/11/29 v1.2d
\pmbraise@=\dimen121
)
("C:\Program Files (x86)\MiKTeX 2.9\tex\latex\amsmath\amsopn.sty"
Package: amsopn 1999/12/14 v2.01 operator names
)
\inf@bad=\count98
LaTeX Info: Redefining \frac on input line 210.
\uproot@=\count99
\leftroot@=\count100
LaTeX Info: Redefining \overline on input line 306.
\classnum@=\count101
\DOTSCASE@=\count102
LaTeX Info: Redefining \ldots on input line 378.
LaTeX Info: Redefining \dots on input line 381.
LaTeX Info: Redefining \cdots on input line 466.
\Mathstrutbox@=\box27
\strutbox@=\box28
\big@size=\dimen122
LaTeX Font Info:    Redeclaring font encoding OML on input line 566.
LaTeX Font Info:    Redeclaring font encoding OMS on input line 567.
\macc@depth=\count103
\c@MaxMatrixCols=\count104
\dotsspace@=\muskip10
\c@parentequation=\count105
\dspbrk@lvl=\count106
\tag@help=\toks22
\row@=\count107
\column@=\count108
\maxfields@=\count109
\andhelp@=\toks23
\eqnshift@=\dimen123
\alignsep@=\dimen124
\tagshift@=\dimen125
\tagwidth@=\dimen126
\totwidth@=\dimen127
\lineht@=\dimen128
\@envbody=\toks24
\multlinegap=\skip55
\multlinetaggap=\skip56
\mathdisplay@stack=\toks25
LaTeX Info: Redefining \[ on input line 2665.
LaTeX Info: Redefining \] on input line 2666.
)
LaTeX Info: Thecontrolsequence`\('isalreadyrobust on input line 129.
LaTeX Info: Thecontrolsequence`\)'isalreadyrobust on input line 129.
LaTeX Info: Thecontrolsequence`\['isalreadyrobust on input line 129.
LaTeX Info: Thecontrolsequence`\]'isalreadyrobust on input line 129.
\g_MT_multlinerow_int=\count110
\l_MT_multwidth_dim=\dimen129
\origjot=\skip57
\l_MT_shortvdotswithinadjustabove_dim=\dimen130
\l_MT_shortvdotswithinadjustbelow_dim=\dimen131
\l_MT_above_intertext_sep=\dimen132
\l_MT_below_intertext_sep=\dimen133
\l_MT_above_shortintertext_sep=\dimen134
\l_MT_below_shortintertext_sep=\dimen135
)
("C:\Users\Lukas Vassalli\AppData\Local\Programs\MiKTeX 2.9\tex\latex\mathabx\m
athabx.sty"
Package: mathabx 2003/07/29 v0.0 Non-standard LaTeX package mathabx
\symmatha=\mathgroup6
\symmathb=\mathgroup7
\symmathx=\mathgroup8

("C:\Users\Lukas Vassalli\AppData\Local\Programs\MiKTeX 2.9\tex\generic\mathabx
\mathabx.dcl"
LaTeX Font Info:    Redeclaring math symbol \cdotp on input line 25.
LaTeX Font Info:    Redeclaring math symbol \times on input line 33.
LaTeX Font Info:    Redeclaring math symbol \div on input line 34.
LaTeX Font Info:    Redeclaring math symbol \cdot on input line 35.
LaTeX Font Info:    Redeclaring math symbol \circ on input line 36.
LaTeX Font Info:    Redeclaring math symbol \ast on input line 38.
LaTeX Font Info:    Redeclaring math symbol \pm on input line 41.
LaTeX Font Info:    Redeclaring math symbol \mp on input line 42.
LaTeX Font Info:    Redeclaring math symbol \ltimes on input line 43.
LaTeX Font Info:    Redeclaring math symbol \rtimes on input line 44.
LaTeX Font Info:    Redeclaring math symbol \diamond on input line 45.
LaTeX Font Info:    Redeclaring math symbol \bullet on input line 46.
LaTeX Font Info:    Redeclaring math symbol \star on input line 47.
LaTeX Font Info:    Redeclaring math symbol \amalg on input line 51.
LaTeX Font Info:    Redeclaring math symbol \dotplus on input line 58.
LaTeX Font Info:    Redeclaring math symbol \square on input line 63.
LaTeX Font Info:    Redeclaring math symbol \divideontimes on input line 71.
LaTeX Font Info:    Redeclaring math symbol \bigstar on input line 75.
LaTeX Font Info:    Redeclaring math symbol \equiv on input line 83.
LaTeX Font Info:    Redeclaring math symbol \sim on input line 84.
LaTeX Font Info:    Redeclaring math symbol \approx on input line 85.
LaTeX Font Info:    Redeclaring math symbol \simeq on input line 86.
LaTeX Font Info:    Redeclaring math symbol \asymp on input line 89.
LaTeX Font Info:    Redeclaring math symbol \nsim on input line 97.
LaTeX Font Info:    Redeclaring math symbol \ncong on input line 100.
LaTeX Font Info:    Redeclaring math symbol \risingdotseq on input line 118.
LaTeX Font Info:    Redeclaring math symbol \fallingdotseq on input line 119.
LaTeX Font Info:    Redeclaring math symbol \circeq on input line 125.
LaTeX Font Info:    Redeclaring math symbol \eqcirc on input line 126.
LaTeX Font Info:    Redeclaring math symbol \triangleq on input line 127.
LaTeX Font Info:    Redeclaring math symbol \neg on input line 134.
LaTeX Font Info:    Redeclaring math symbol \ll on input line 136.
LaTeX Font Info:    Redeclaring math symbol \gg on input line 137.
LaTeX Font Info:    Redeclaring math symbol \vdash on input line 139.
LaTeX Font Info:    Redeclaring math symbol \dashv on input line 140.
LaTeX Font Info:    Redeclaring math symbol \nvdash on input line 141.
LaTeX Font Info:    Redeclaring math symbol \vDash on input line 143.
LaTeX Font Info:    Redeclaring math symbol \nvDash on input line 145.
LaTeX Font Info:    Redeclaring math symbol \Vdash on input line 147.
LaTeX Font Info:    Redeclaring math symbol \nVdash on input line 149.
LaTeX Font Info:    Redeclaring math symbol \flat on input line 158.
LaTeX Font Info:    Redeclaring math symbol \natural on input line 159.
LaTeX Font Info:    Redeclaring math symbol \sharp on input line 160.
LaTeX Font Info:    Redeclaring math symbol \infty on input line 161.
LaTeX Font Info:    Redeclaring math symbol \propto on input line 162.
LaTeX Font Info:    Redeclaring math symbol \dagger on input line 163.
LaTeX Font Info:    Redeclaring math symbol \ddagger on input line 164.
LaTeX Font Info:    Redeclaring math symbol \between on input line 170.
LaTeX Font Info:    Redeclaring math symbol \smile on input line 171.
LaTeX Font Info:    Redeclaring math symbol \frown on input line 172.
LaTeX Font Info:    Redeclaring math symbol \leftthreetimes on input line 174.
LaTeX Font Info:    Redeclaring math symbol \rightthreetimes on input line 175.

LaTeX Font Info:    Redeclaring math symbol \pitchfork on input line 176.
LaTeX Font Info:    Redeclaring math symbol \nVDash on input line 182.
LaTeX Font Info:    Redeclaring math symbol \Vvdash on input line 184.
LaTeX Font Info:    Redeclaring math symbol \therefore on input line 189.
LaTeX Font Info:    Redeclaring math symbol \because on input line 190.
LaTeX Font Info:    Redeclaring math symbol \measuredangle on input line 202.
LaTeX Font Info:    Redeclaring math symbol \sphericalangle on input line 203.
LaTeX Font Info:    Redeclaring math symbol \setminus on input line 218.
LaTeX Font Info:    Redeclaring math symbol \mid on input line 222.
LaTeX Font Info:    Redeclaring math symbol \forall on input line 279.
LaTeX Font Info:    Redeclaring math symbol \complement on input line 280.
LaTeX Font Info:    Redeclaring math symbol \partial on input line 281.
LaTeX Font Info:    Redeclaring math symbol \exists on input line 284.
LaTeX Font Info:    Redeclaring math symbol \nexists on input line 285.
LaTeX Font Info:    Redeclaring math symbol \Finv on input line 286.
LaTeX Font Info:    Redeclaring math symbol \Game on input line 287.
LaTeX Font Info:    Redeclaring math symbol \emptyset on input line 288.
LaTeX Font Info:    Redeclaring math symbol \top on input line 290.
LaTeX Font Info:    Redeclaring math symbol \bot on input line 291.
LaTeX Font Info:    Redeclaring math symbol \perp on input line 292.
LaTeX Font Info:    Redeclaring math symbol \curlywedge on input line 296.
LaTeX Font Info:    Redeclaring math symbol \curlyvee on input line 297.
LaTeX Font Info:    Redeclaring math symbol \in on input line 299.
LaTeX Font Info:    Redeclaring math symbol \owns on input line 300.
LaTeX Font Info:    Redeclaring math symbol \cap on input line 312.
LaTeX Font Info:    Redeclaring math symbol \cup on input line 313.
LaTeX Font Info:    Redeclaring math symbol \uplus on input line 314.
LaTeX Font Info:    Redeclaring math symbol \sqcap on input line 315.
LaTeX Font Info:    Redeclaring math symbol \sqcup on input line 316.
LaTeX Font Info:    Redeclaring math symbol \wedge on input line 318.
LaTeX Font Info:    Redeclaring math symbol \vee on input line 320.
LaTeX Font Info:    Redeclaring math symbol \barwedge on input line 327.
LaTeX Font Info:    Redeclaring math symbol \veebar on input line 328.
LaTeX Font Info:    Redeclaring math symbol \doublebarwedge on input line 329.
LaTeX Font Info:    Redeclaring math symbol \doublecap on input line 331.
LaTeX Font Info:    Redeclaring math symbol \doublecup on input line 333.
LaTeX Font Info:    Redeclaring math symbol \subset on input line 344.
LaTeX Font Info:    Redeclaring math symbol \supset on input line 345.
LaTeX Font Info:    Redeclaring math symbol \subseteq on input line 348.
LaTeX Font Info:    Redeclaring math symbol \supseteq on input line 349.
LaTeX Font Info:    Redeclaring math symbol \nsubseteq on input line 350.
LaTeX Font Info:    Redeclaring math symbol \nsupseteq on input line 351.
LaTeX Font Info:    Redeclaring math symbol \subsetneq on input line 352.
LaTeX Font Info:    Redeclaring math symbol \supsetneq on input line 353.
LaTeX Font Info:    Redeclaring math symbol \varsubsetneq on input line 354.
LaTeX Font Info:    Redeclaring math symbol \varsupsetneq on input line 355.
LaTeX Font Info:    Redeclaring math symbol \subseteqq on input line 357.
LaTeX Font Info:    Redeclaring math symbol \supseteqq on input line 358.
LaTeX Font Info:    Redeclaring math symbol \nsubseteqq on input line 359.
LaTeX Font Info:    Redeclaring math symbol \nsupseteqq on input line 360.
LaTeX Font Info:    Redeclaring math symbol \subsetneqq on input line 361.
LaTeX Font Info:    Redeclaring math symbol \supsetneqq on input line 362.
LaTeX Font Info:    Redeclaring math symbol \varsubsetneqq on input line 363.
LaTeX Font Info:    Redeclaring math symbol \varsupsetneqq on input line 364.
LaTeX Font Info:    Redeclaring math symbol \Subset on input line 366.
LaTeX Font Info:    Redeclaring math symbol \Supset on input line 367.
LaTeX Font Info:    Redeclaring math symbol \sqsubseteq on input line 380.
LaTeX Font Info:    Redeclaring math symbol \sqsupseteq on input line 381.
LaTeX Font Info:    Redeclaring math symbol \triangleleft on input line 407.
LaTeX Font Info:    Redeclaring math symbol \vartriangleleft on input line 408.

LaTeX Font Info:    Redeclaring math symbol \triangleright on input line 409.
LaTeX Font Info:    Redeclaring math symbol \vartriangleright on input line 410
.
LaTeX Font Info:    Redeclaring math symbol \ntriangleleft on input line 411.
LaTeX Font Info:    Redeclaring math symbol \ntriangleright on input line 412.
LaTeX Font Info:    Redeclaring math symbol \trianglelefteq on input line 413.
LaTeX Font Info:    Redeclaring math symbol \trianglerighteq on input line 414.

LaTeX Font Info:    Redeclaring math symbol \ntrianglelefteq on input line 415.

LaTeX Font Info:    Redeclaring math symbol \ntrianglerighteq on input line 416
.
LaTeX Font Info:    Redeclaring math symbol \blacktriangledown on input line 42
7.
LaTeX Font Info:    Redeclaring math symbol \blacktriangleleft on input line 42
8.
LaTeX Font Info:    Redeclaring math symbol \blacktriangleright on input line 4
29.
LaTeX Font Info:    Redeclaring math symbol \nless on input line 437.
LaTeX Font Info:    Redeclaring math symbol \ngtr on input line 438.
LaTeX Font Info:    Redeclaring math symbol \leq on input line 439.
LaTeX Font Info:    Redeclaring math symbol \geq on input line 441.
LaTeX Font Info:    Redeclaring math symbol \nleq on input line 443.
LaTeX Font Info:    Redeclaring math symbol \ngeq on input line 445.
LaTeX Font Info:    Redeclaring math symbol \lneq on input line 451.
LaTeX Font Info:    Redeclaring math symbol \gneq on input line 452.
LaTeX Font Info:    Redeclaring math symbol \leqq on input line 453.
LaTeX Font Info:    Redeclaring math symbol \geqq on input line 454.
LaTeX Font Info:    Redeclaring math symbol \nleqq on input line 455.
LaTeX Font Info:    Redeclaring math symbol \ngeqq on input line 456.
LaTeX Font Info:    Redeclaring math symbol \lneqq on input line 457.
LaTeX Font Info:    Redeclaring math symbol \gneqq on input line 458.
LaTeX Font Info:    Redeclaring math symbol \lvertneqq on input line 459.
LaTeX Font Info:    Redeclaring math symbol \gvertneqq on input line 460.
LaTeX Font Info:    Redeclaring math symbol \eqslantless on input line 461.
LaTeX Font Info:    Redeclaring math symbol \eqslantgtr on input line 462.
LaTeX Font Info:    Redeclaring math symbol \lessgtr on input line 465.
LaTeX Font Info:    Redeclaring math symbol \gtrless on input line 466.
LaTeX Font Info:    Redeclaring math symbol \lesseqgtr on input line 467.
LaTeX Font Info:    Redeclaring math symbol \gtreqless on input line 468.
LaTeX Font Info:    Redeclaring math symbol \lesseqqgtr on input line 469.
LaTeX Font Info:    Redeclaring math symbol \gtreqqless on input line 470.
LaTeX Font Info:    Redeclaring math symbol \lesssim on input line 472.
LaTeX Font Info:    Redeclaring math symbol \gtrsim on input line 473.
LaTeX Font Info:    Redeclaring math symbol \lnsim on input line 476.
LaTeX Font Info:    Redeclaring math symbol \gnsim on input line 477.
LaTeX Font Info:    Redeclaring math symbol \lessapprox on input line 478.
LaTeX Font Info:    Redeclaring math symbol \gtrapprox on input line 479.
LaTeX Font Info:    Redeclaring math symbol \lnapprox on input line 482.
LaTeX Font Info:    Redeclaring math symbol \gnapprox on input line 483.
LaTeX Font Info:    Redeclaring math symbol \lessdot on input line 485.
LaTeX Font Info:    Redeclaring math symbol \gtrdot on input line 486.
LaTeX Font Info:    Redeclaring math symbol \lll on input line 488.
LaTeX Font Info:    Redeclaring math symbol \ggg on input line 489.
LaTeX Font Info:    Redeclaring math symbol \prec on input line 498.
LaTeX Font Info:    Redeclaring math symbol \succ on input line 499.
LaTeX Font Info:    Redeclaring math symbol \nprec on input line 500.
LaTeX Font Info:    Redeclaring math symbol \nsucc on input line 501.
LaTeX Font Info:    Redeclaring math symbol \preccurlyeq on input line 502.
LaTeX Font Info:    Redeclaring math symbol \succcurlyeq on input line 503.
LaTeX Font Info:    Redeclaring math symbol \preceq on input line 506.
LaTeX Font Info:    Redeclaring math symbol \succeq on input line 507.
LaTeX Font Info:    Redeclaring math symbol \npreceq on input line 508.
LaTeX Font Info:    Redeclaring math symbol \nsucceq on input line 509.
LaTeX Font Info:    Redeclaring math symbol \curlyeqprec on input line 512.
LaTeX Font Info:    Redeclaring math symbol \curlyeqsucc on input line 513.
LaTeX Font Info:    Redeclaring math symbol \precsim on input line 517.
LaTeX Font Info:    Redeclaring math symbol \succsim on input line 518.
LaTeX Font Info:    Redeclaring math symbol \precnsim on input line 521.
LaTeX Font Info:    Redeclaring math symbol \succnsim on input line 522.
LaTeX Font Info:    Redeclaring math symbol \precapprox on input line 523.
LaTeX Font Info:    Redeclaring math symbol \succapprox on input line 524.
LaTeX Font Info:    Redeclaring math symbol \precnapprox on input line 527.
LaTeX Font Info:    Redeclaring math symbol \succnapprox on input line 528.
LaTeX Font Info:    Redeclaring math symbol \leftarrow on input line 540.
LaTeX Font Info:    Redeclaring math symbol \rightarrow on input line 542.
LaTeX Font Info:    Redeclaring math symbol \nwarrow on input line 546.
LaTeX Font Info:    Redeclaring math symbol \nearrow on input line 547.
LaTeX Font Info:    Redeclaring math symbol \swarrow on input line 548.
LaTeX Font Info:    Redeclaring math symbol \searrow on input line 549.
LaTeX Font Info:    Redeclaring math symbol \leftrightarrow on input line 550.
LaTeX Font Info:    Redeclaring math symbol \nleftarrow on input line 552.
LaTeX Font Info:    Redeclaring math symbol \nrightarrow on input line 553.
LaTeX Font Info:    Redeclaring math symbol \nleftrightarrow on input line 554.

LaTeX Font Info:    Redeclaring math symbol \mapstochar on input line 557.
LaTeX Font Info:    Redeclaring math symbol \leftharpoonup on input line 560.
LaTeX Font Info:    Redeclaring math symbol \rightharpoonup on input line 561.
LaTeX Font Info:    Redeclaring math symbol \leftharpoondown on input line 562.

LaTeX Font Info:    Redeclaring math symbol \rightharpoondown on input line 563
.
LaTeX Font Info:    Redeclaring math symbol \upharpoonleft on input line 564.
LaTeX Font Info:    Redeclaring math symbol \downharpoonleft on input line 565.

LaTeX Font Info:    Redeclaring math symbol \upharpoonright on input line 566.
LaTeX Font Info:    Redeclaring math symbol \restriction on input line 567.
LaTeX Font Info:    Redeclaring math symbol \downharpoonright on input line 568
.
LaTeX Font Info:    Redeclaring math symbol \leftrightharpoons on input line 56
9.
LaTeX Font Info:    Redeclaring math symbol \Leftarrow on input line 575.
LaTeX Font Info:    Redeclaring math symbol \Rightarrow on input line 576.
LaTeX Font Info:    Redeclaring math symbol \Leftrightarrow on input line 579.
LaTeX Font Info:    Redeclaring math symbol \nLeftarrow on input line 581.
LaTeX Font Info:    Redeclaring math symbol \nRightarrow on input line 582.
LaTeX Font Info:    Redeclaring math symbol \nLeftrightarrow on input line 583.

LaTeX Font Info:    Redeclaring math symbol \leftleftarrows on input line 593.
LaTeX Font Info:    Redeclaring math symbol \rightrightarrows on input line 594
.
LaTeX Font Info:    Redeclaring math symbol \upuparrows on input line 595.
LaTeX Font Info:    Redeclaring math symbol \downdownarrows on input line 596.
LaTeX Font Info:    Redeclaring math symbol \leftrightarrows on input line 597.

LaTeX Font Info:    Redeclaring math symbol \rightleftarrows on input line 598.

LaTeX Font Info:    Redeclaring math symbol \rhook on input line 612.
LaTeX Font Info:    Redeclaring math symbol \lhook on input line 613.
LaTeX Font Info:    Redeclaring math symbol \diagup on input line 614.
LaTeX Font Info:    Redeclaring math symbol \diagdown on input line 615.
LaTeX Font Info:    Redeclaring math symbol \Lsh on input line 617.
LaTeX Font Info:    Redeclaring math symbol \Rsh on input line 619.
LaTeX Font Info:    Redeclaring math symbol \looparrowleft on input line 624.
LaTeX Font Info:    Redeclaring math symbol \looparrowright on input line 626.
LaTeX Font Info:    Redeclaring math symbol \curvearrowleft on input line 631.
LaTeX Font Info:    Redeclaring math symbol \curvearrowright on input line 633.

LaTeX Font Info:    Redeclaring math symbol \circlearrowleft on input line 641.

LaTeX Font Info:    Redeclaring math symbol \circlearrowright on input line 642
.
LaTeX Font Info:    Redeclaring math symbol \rightsquigarrow on input line 645.

LaTeX Font Info:    Redeclaring math symbol \leftrightsquigarrow on input line 
646.
LaTeX Font Info:    Redeclaring math symbol \oplus on input line 658.
LaTeX Font Info:    Redeclaring math symbol \ominus on input line 659.
LaTeX Font Info:    Redeclaring math symbol \otimes on input line 661.
LaTeX Font Info:    Redeclaring math symbol \odot on input line 663.
LaTeX Font Info:    Redeclaring math symbol \oslash on input line 675.
LaTeX Font Info:    Redeclaring math symbol \boxplus on input line 683.
LaTeX Font Info:    Redeclaring math symbol \boxminus on input line 684.
LaTeX Font Info:    Redeclaring math symbol \boxtimes on input line 686.
LaTeX Font Info:    Redeclaring math symbol \boxdot on input line 688.
\mayacnter=\count111
\mayacnta=\count112
\mayacntb=\count113
\mayacntc=\count114
\mayawidth=\dimen136
LaTeX Font Info:    Redeclaring math symbol \intop on input line 753.
LaTeX Font Info:    Redeclaring math symbol \ointop on input line 760.
LaTeX Font Info:    Redeclaring math delimiter \lbrace on input line 842.
LaTeX Info: Redefining \{ on input line 846.
LaTeX Font Info:    Redeclaring math delimiter \rbrace on input line 848.
LaTeX Info: Redefining \} on input line 852.
LaTeX Font Info:    Redeclaring math delimiter \langle on input line 858.
LaTeX Font Info:    Redeclaring math delimiter \rangle on input line 859.
LaTeX Font Info:    Redeclaring math delimiter \vert on input line 863.
LaTeX Font Info:    Redeclaring math delimiter \Vert on input line 865.
LaTeX Font Info:    Redeclaring math delimiter \uparrow on input line 868.
LaTeX Font Info:    Redeclaring math delimiter \downarrow on input line 869.
LaTeX Font Info:    Redeclaring math delimiter \updownarrow on input line 870.
LaTeX Font Info:    Redeclaring math delimiter \Uparrow on input line 871.
LaTeX Font Info:    Redeclaring math delimiter \Downarrow on input line 872.
LaTeX Font Info:    Redeclaring math delimiter \Updownarrow on input line 873.
LaTeX Font Info:    Redeclaring math delimiter \lgroup on input line 880.
LaTeX Font Info:    Redeclaring math delimiter \rgroup on input line 881.
LaTeX Font Info:    Redeclaring math delimiter \lceil on input line 882.
LaTeX Font Info:    Redeclaring math delimiter \rceil on input line 883.
LaTeX Font Info:    Redeclaring math delimiter \lfloor on input line 884.
LaTeX Font Info:    Redeclaring math delimiter \rfloor on input line 885.
LaTeX Font Info:    Redeclaring math symbol \braceld on input line 903.
LaTeX Font Info:    Redeclaring math symbol \bracerd on input line 905.
LaTeX Font Info:    Redeclaring math symbol \bracelu on input line 907.
LaTeX Font Info:    Redeclaring math symbol \braceru on input line 909.
LaTeX Font Info:    Redeclaring math accent \widehat on input line 944.
LaTeX Font Info:    Redeclaring math accent \widetilde on input line 946.
))) (header/enumitem.tex
("C:\Users\Lukas Vassalli\AppData\Local\Programs\MiKTeX 2.9\tex\latex\enumitem\
enumitem.sty"
Package: enumitem 2011/09/28 v3.5.2 Customized lists
\labelindent=\skip58
\enit@outerparindent=\dimen137
\enit@toks=\toks26
\enit@inbox=\box29
\enitdp@description=\count115
))
("C:\Users\Lukas Vassalli\AppData\Local\Programs\MiKTeX 2.9\tex\latex\geometry-
de\geometry.sty"
Package: geometry 2010/09/12 v5.6 Page Geometry

("C:\Program Files (x86)\MiKTeX 2.9\tex\generic\oberdiek\ifpdf.sty"
Package: ifpdf 2011/01/30 v2.3 Provides the ifpdf switch (HO)
Package ifpdf Info: pdfTeX in PDF mode is detected.
)
("C:\Program Files (x86)\MiKTeX 2.9\tex\generic\oberdiek\ifvtex.sty"
Package: ifvtex 2010/03/01 v1.5 Detect VTeX and its facilities (HO)
Package ifvtex Info: VTeX not detected.
)
("C:\Program Files (x86)\MiKTeX 2.9\tex\generic\ifxetex\ifxetex.sty"
Package: ifxetex 2010/09/12 v0.6 Provides ifxetex conditional
)
\Gm@cnth=\count116
\Gm@cntv=\count117
\c@Gm@tempcnt=\count118
\Gm@bindingoffset=\dimen138
\Gm@wd@mp=\dimen139
\Gm@odd@mp=\dimen140
\Gm@even@mp=\dimen141
\Gm@layoutwidth=\dimen142
\Gm@layoutheight=\dimen143
\Gm@layouthoffset=\dimen144
\Gm@layoutvoffset=\dimen145
\Gm@dimlist=\toks27

("C:\Program Files (x86)\MiKTeX 2.9\tex\latex\geometry\geometry.cfg"))
("C:\Program Files (x86)\MiKTeX 2.9\tex\latex\multirow\multirow.sty"
\bigstrutjot=\dimen146
)
("C:\Program Files (x86)\MiKTeX 2.9\tex\latex\tools\multicol.sty"
Package: multicol 2015/08/19 v1.8n multicolumn formatting (FMi)
\c@tracingmulticols=\count119
\mult@box=\box30
\multicol@leftmargin=\dimen147
\c@unbalance=\count120
\c@collectmore=\count121
\doublecol@number=\count122
\multicoltolerance=\count123
\multicolpretolerance=\count124
\full@width=\dimen148
\page@free=\dimen149
\premulticols=\dimen150
\postmulticols=\dimen151
\multicolsep=\skip59
\multicolbaselineskip=\skip60
\partial@page=\box31
\last@line=\box32
\maxbalancingoverflow=\dimen152
\mult@rightbox=\box33
\mult@grightbox=\box34
\mult@gfirstbox=\box35
\mult@firstbox=\box36
\@tempa=\box37
\@tempa=\box38
\@tempa=\box39
\@tempa=\box40
\@tempa=\box41
\@tempa=\box42
\@tempa=\box43
\@tempa=\box44
\@tempa=\box45
\@tempa=\box46
\@tempa=\box47
\@tempa=\box48
\@tempa=\box49
\@tempa=\box50
\@tempa=\box51
\@tempa=\box52
\@tempa=\box53
\c@columnbadness=\count125
\c@finalcolumnbadness=\count126
\last@try=\dimen153
\multicolovershoot=\dimen154
\multicolundershoot=\dimen155
\mult@nat@firstbox=\box54
\colbreak@box=\box55
\mc@col@check@num=\count127
)
("C:\Users\Lukas Vassalli\AppData\Local\Programs\MiKTeX 2.9\tex\latex\rotating\
rotating.sty"
Package: rotating 2009/03/28 v2.16a rotated objects in LaTeX

("C:\Program Files (x86)\MiKTeX 2.9\tex\latex\graphics\graphicx.sty"
Package: graphicx 2014/10/28 v1.0g Enhanced LaTeX Graphics (DPC,SPQR)

("C:\Program Files (x86)\MiKTeX 2.9\tex\latex\graphics\graphics.sty"
Package: graphics 2014/10/28 v1.0p Standard LaTeX Graphics (DPC,SPQR)

("C:\Program Files (x86)\MiKTeX 2.9\tex\latex\graphics\trig.sty"
Package: trig 1999/03/16 v1.09 sin cos tan (DPC)
)
("C:\Program Files (x86)\MiKTeX 2.9\tex\latex\00miktex\graphics.cfg"
File: graphics.cfg 2007/01/18 v1.5 graphics configuration of teTeX/TeXLive
)
Package graphics Info: Driver file: pdftex.def on input line 94.
)
\Gin@req@height=\dimen156
\Gin@req@width=\dimen157
)
("C:\Program Files (x86)\MiKTeX 2.9\tex\latex\base\ifthen.sty"
Package: ifthen 2014/09/29 v1.1c Standard LaTeX ifthen package (DPC)
)
\c@r@tfl@t=\count128
\rotFPtop=\skip61
\rotFPbot=\skip62
\rot@float@box=\box56
\rot@mess@toks=\toks28
))
("C:\Users\Lukas Vassalli\AppData\Local\Programs\MiKTeX 2.9\tex\latex\listings\
listings.sty"
\lst@mode=\count129
\lst@gtempboxa=\box57
\lst@token=\toks29
\lst@length=\count130
\lst@currlwidth=\dimen158
\lst@column=\count131
\lst@pos=\count132
\lst@lostspace=\dimen159
\lst@width=\dimen160
\lst@newlines=\count133
\lst@lineno=\count134
\lst@maxwidth=\dimen161

("C:\Users\Lukas Vassalli\AppData\Local\Programs\MiKTeX 2.9\tex\latex\listings\
lstmisc.sty"
File: lstmisc.sty 2015/06/04 1.6 (Carsten Heinz)
\c@lstnumber=\count135
\lst@skipnumbers=\count136
\lst@framebox=\box58
)
("C:\Users\Lukas Vassalli\AppData\Local\Programs\MiKTeX 2.9\tex\latex\listings\
listings.cfg"
File: listings.cfg 2015/06/04 1.6 listings configuration
))
Package: listings 2015/06/04 1.6 (Carsten Heinz)
 ("C:\Program Files (x86)\MiKTeX 2.9\tex\latex\base\textcomp.sty"
Package: textcomp 2005/09/27 v1.99g Standard LaTeX package
Package textcomp Info: Sub-encoding information:
(textcomp)               5 = only ISO-Adobe without \textcurrency
(textcomp)               4 = 5 + \texteuro
(textcomp)               3 = 4 + \textohm
(textcomp)               2 = 3 + \textestimated + \textcurrency
(textcomp)               1 = TS1 - \textcircled - \t
(textcomp)               0 = TS1 (full)
(textcomp)             Font families with sub-encoding setting implement
(textcomp)             only a restricted character set as indicated.
(textcomp)             Family '?' is the default used for unknown fonts.
(textcomp)             See the documentation for details.
Package textcomp Info: Setting ? sub-encoding to TS1/1 on input line 79.
 ("C:\Program Files (x86)\MiKTeX 2.9\tex\latex\base\ts1enc.def"
File: ts1enc.def 2001/06/05 v3.0e (jk/car/fm) Standard LaTeX file
Now handling font encoding TS1 ...
... processing UTF-8 mapping file for font encoding TS1

("C:\Program Files (x86)\MiKTeX 2.9\tex\latex\base\ts1enc.dfu"
File: ts1enc.dfu 2015/09/07 v1.1p UTF-8 support for inputenc
   defining Unicode char U+00A2 (decimal 162)
   defining Unicode char U+00A3 (decimal 163)
   defining Unicode char U+00A4 (decimal 164)
   defining Unicode char U+00A5 (decimal 165)
   defining Unicode char U+00A6 (decimal 166)
   defining Unicode char U+00A7 (decimal 167)
   defining Unicode char U+00A8 (decimal 168)
   defining Unicode char U+00A9 (decimal 169)
   defining Unicode char U+00AA (decimal 170)
   defining Unicode char U+00AC (decimal 172)
   defining Unicode char U+00AE (decimal 174)
   defining Unicode char U+00AF (decimal 175)
   defining Unicode char U+00B0 (decimal 176)
   defining Unicode char U+00B1 (decimal 177)
   defining Unicode char U+00B2 (decimal 178)
   defining Unicode char U+00B3 (decimal 179)
   defining Unicode char U+00B4 (decimal 180)
   defining Unicode char U+00B5 (decimal 181)
   defining Unicode char U+00B6 (decimal 182)
   defining Unicode char U+00B7 (decimal 183)
   defining Unicode char U+00B9 (decimal 185)
   defining Unicode char U+00BA (decimal 186)
   defining Unicode char U+00BC (decimal 188)
   defining Unicode char U+00BD (decimal 189)
   defining Unicode char U+00BE (decimal 190)
   defining Unicode char U+00D7 (decimal 215)
   defining Unicode char U+00F7 (decimal 247)
   defining Unicode char U+0192 (decimal 402)
   defining Unicode char U+02C7 (decimal 711)
   defining Unicode char U+02D8 (decimal 728)
   defining Unicode char U+02DD (decimal 733)
   defining Unicode char U+0E3F (decimal 3647)
   defining Unicode char U+2016 (decimal 8214)
   defining Unicode char U+2020 (decimal 8224)
   defining Unicode char U+2021 (decimal 8225)
   defining Unicode char U+2022 (decimal 8226)
   defining Unicode char U+2030 (decimal 8240)
   defining Unicode char U+2031 (decimal 8241)
   defining Unicode char U+203B (decimal 8251)
   defining Unicode char U+203D (decimal 8253)
   defining Unicode char U+2044 (decimal 8260)
   defining Unicode char U+204E (decimal 8270)
   defining Unicode char U+2052 (decimal 8274)
   defining Unicode char U+20A1 (decimal 8353)
   defining Unicode char U+20A4 (decimal 8356)
   defining Unicode char U+20A6 (decimal 8358)
   defining Unicode char U+20A9 (decimal 8361)
   defining Unicode char U+20AB (decimal 8363)
   defining Unicode char U+20AC (decimal 8364)
   defining Unicode char U+20B1 (decimal 8369)
   defining Unicode char U+2103 (decimal 8451)
   defining Unicode char U+2116 (decimal 8470)
   defining Unicode char U+2117 (decimal 8471)
   defining Unicode char U+211E (decimal 8478)
   defining Unicode char U+2120 (decimal 8480)
   defining Unicode char U+2122 (decimal 8482)
   defining Unicode char U+2126 (decimal 8486)
   defining Unicode char U+2127 (decimal 8487)
   defining Unicode char U+212E (decimal 8494)
   defining Unicode char U+2190 (decimal 8592)
   defining Unicode char U+2191 (decimal 8593)
   defining Unicode char U+2192 (decimal 8594)
   defining Unicode char U+2193 (decimal 8595)
   defining Unicode char U+2329 (decimal 9001)
   defining Unicode char U+232A (decimal 9002)
   defining Unicode char U+2422 (decimal 9250)
   defining Unicode char U+25E6 (decimal 9702)
   defining Unicode char U+25EF (decimal 9711)
   defining Unicode char U+266A (decimal 9834)
))
LaTeX Info: Redefining \oldstylenums on input line 334.
Package textcomp Info: Setting cmr sub-encoding to TS1/0 on input line 349.
Package textcomp Info: Setting cmss sub-encoding to TS1/0 on input line 350.
Package textcomp Info: Setting cmtt sub-encoding to TS1/0 on input line 351.
Package textcomp Info: Setting cmvtt sub-encoding to TS1/0 on input line 352.
Package textcomp Info: Setting cmbr sub-encoding to TS1/0 on input line 353.
Package textcomp Info: Setting cmtl sub-encoding to TS1/0 on input line 354.
Package textcomp Info: Setting ccr sub-encoding to TS1/0 on input line 355.
Package textcomp Info: Setting ptm sub-encoding to TS1/4 on input line 356.
Package textcomp Info: Setting pcr sub-encoding to TS1/4 on input line 357.
Package textcomp Info: Setting phv sub-encoding to TS1/4 on input line 358.
Package textcomp Info: Setting ppl sub-encoding to TS1/3 on input line 359.
Package textcomp Info: Setting pag sub-encoding to TS1/4 on input line 360.
Package textcomp Info: Setting pbk sub-encoding to TS1/4 on input line 361.
Package textcomp Info: Setting pnc sub-encoding to TS1/4 on input line 362.
Package textcomp Info: Setting pzc sub-encoding to TS1/4 on input line 363.
Package textcomp Info: Setting bch sub-encoding to TS1/4 on input line 364.
Package textcomp Info: Setting put sub-encoding to TS1/5 on input line 365.
Package textcomp Info: Setting uag sub-encoding to TS1/5 on input line 366.
Package textcomp Info: Setting ugq sub-encoding to TS1/5 on input line 367.
Package textcomp Info: Setting ul8 sub-encoding to TS1/4 on input line 368.
Package textcomp Info: Setting ul9 sub-encoding to TS1/4 on input line 369.
Package textcomp Info: Setting augie sub-encoding to TS1/5 on input line 370.
Package textcomp Info: Setting dayrom sub-encoding to TS1/3 on input line 371.
Package textcomp Info: Setting dayroms sub-encoding to TS1/3 on input line 372.

Package textcomp Info: Setting pxr sub-encoding to TS1/0 on input line 373.
Package textcomp Info: Setting pxss sub-encoding to TS1/0 on input line 374.
Package textcomp Info: Setting pxtt sub-encoding to TS1/0 on input line 375.
Package textcomp Info: Setting txr sub-encoding to TS1/0 on input line 376.
Package textcomp Info: Setting txss sub-encoding to TS1/0 on input line 377.
Package textcomp Info: Setting txtt sub-encoding to TS1/0 on input line 378.
Package textcomp Info: Setting lmr sub-encoding to TS1/0 on input line 379.
Package textcomp Info: Setting lmdh sub-encoding to TS1/0 on input line 380.
Package textcomp Info: Setting lmss sub-encoding to TS1/0 on input line 381.
Package textcomp Info: Setting lmssq sub-encoding to TS1/0 on input line 382.
Package textcomp Info: Setting lmvtt sub-encoding to TS1/0 on input line 383.
Package textcomp Info: Setting lmtt sub-encoding to TS1/0 on input line 384.
Package textcomp Info: Setting qhv sub-encoding to TS1/0 on input line 385.
Package textcomp Info: Setting qag sub-encoding to TS1/0 on input line 386.
Package textcomp Info: Setting qbk sub-encoding to TS1/0 on input line 387.
Package textcomp Info: Setting qcr sub-encoding to TS1/0 on input line 388.
Package textcomp Info: Setting qcs sub-encoding to TS1/0 on input line 389.
Package textcomp Info: Setting qpl sub-encoding to TS1/0 on input line 390.
Package textcomp Info: Setting qtm sub-encoding to TS1/0 on input line 391.
Package textcomp Info: Setting qzc sub-encoding to TS1/0 on input line 392.
Package textcomp Info: Setting qhvc sub-encoding to TS1/0 on input line 393.
Package textcomp Info: Setting futs sub-encoding to TS1/4 on input line 394.
Package textcomp Info: Setting futx sub-encoding to TS1/4 on input line 395.
Package textcomp Info: Setting futj sub-encoding to TS1/4 on input line 396.
Package textcomp Info: Setting hlh sub-encoding to TS1/3 on input line 397.
Package textcomp Info: Setting hls sub-encoding to TS1/3 on input line 398.
Package textcomp Info: Setting hlst sub-encoding to TS1/3 on input line 399.
Package textcomp Info: Setting hlct sub-encoding to TS1/5 on input line 400.
Package textcomp Info: Setting hlx sub-encoding to TS1/5 on input line 401.
Package textcomp Info: Setting hlce sub-encoding to TS1/5 on input line 402.
Package textcomp Info: Setting hlcn sub-encoding to TS1/5 on input line 403.
Package textcomp Info: Setting hlcw sub-encoding to TS1/5 on input line 404.
Package textcomp Info: Setting hlcf sub-encoding to TS1/5 on input line 405.
Package textcomp Info: Setting pplx sub-encoding to TS1/3 on input line 406.
Package textcomp Info: Setting pplj sub-encoding to TS1/3 on input line 407.
Package textcomp Info: Setting ptmx sub-encoding to TS1/4 on input line 408.
Package textcomp Info: Setting ptmj sub-encoding to TS1/4 on input line 409.
)
("C:\Program Files (x86)\MiKTeX 2.9\tex\latex\base\fontenc.sty"
Package: fontenc 2005/09/27 v1.99g Standard LaTeX package

("C:\Program Files (x86)\MiKTeX 2.9\tex\latex\base\t1enc.def"
File: t1enc.def 2005/09/27 v1.99g Standard LaTeX file
LaTeX Font Info:    Redeclaring font encoding T1 on input line 48.
))
("C:\Users\Lukas Vassalli\AppData\Local\Programs\MiKTeX 2.9\tex\latex\listings\
lstlang1.sty"
File: lstlang1.sty 2015/06/04 1.6 listings language file
)
("C:\Users\Lukas Vassalli\AppData\Local\Programs\MiKTeX 2.9\tex\latex\listings\
lstlang1.sty"
File: lstlang1.sty 2015/06/04 1.6 listings language file
)
("C:\Users\Lukas Vassalli\AppData\Local\Programs\MiKTeX 2.9\tex\latex\listings\
lstmisc.sty"
File: lstmisc.sty 2015/06/04 1.6 (Carsten Heinz)
) (PmSwEng.aux)
\openout1 = `PmSwEng.aux'.

LaTeX Font Info:    Checking defaults for OML/cmm/m/it on input line 52.
LaTeX Font Info:    ... okay on input line 52.
LaTeX Font Info:    Checking defaults for T1/cmr/m/n on input line 52.
LaTeX Font Info:    ... okay on input line 52.
LaTeX Font Info:    Checking defaults for OT1/cmr/m/n on input line 52.
LaTeX Font Info:    ... okay on input line 52.
LaTeX Font Info:    Checking defaults for OMS/cmsy/m/n on input line 52.
LaTeX Font Info:    ... okay on input line 52.
LaTeX Font Info:    Checking defaults for OMX/cmex/m/n on input line 52.
LaTeX Font Info:    ... okay on input line 52.
LaTeX Font Info:    Checking defaults for U/mathx/m/n on input line 52.
LaTeX Font Info:    ... okay on input line 52.
LaTeX Font Info:    Checking defaults for TS1/cmr/m/n on input line 52.
LaTeX Font Info:    Try loading font information for TS1+cmr on input line 52.

("C:\Program Files (x86)\MiKTeX 2.9\tex\latex\base\ts1cmr.fd"
File: ts1cmr.fd 2014/09/29 v2.5h Standard LaTeX font definitions
)
LaTeX Font Info:    ... okay on input line 52.
Package caption Info: Begin \AtBeginDocument code.
Package caption Info: listings package is loaded.
Package caption Info: rotating package is loaded.
Package caption Info: End \AtBeginDocument code.

("C:\Users\Lukas Vassalli\AppData\Local\Programs\MiKTeX 2.9\tex\context\base\su
pp-pdf.mkii"
[Loading MPS to PDF converter (version 2006.09.02).]
\scratchcounter=\count137
\scratchdimen=\dimen162
\scratchbox=\box59
\nofMPsegments=\count138
\nofMParguments=\count139
\everyMPshowfont=\toks30
\MPscratchCnt=\count140
\MPscratchDim=\dimen163
\MPnumerator=\count141
\makeMPintoPDFobject=\count142
\everyMPtoPDFconversion=\toks31
)
*geometry* driver: auto-detecting
*geometry* detected driver: pdftex
*geometry* verbose mode - [ preamble ] result:
* driver: pdftex
* paper: <default>
* layout: <same size as paper>
* layoutoffset:(h,v)=(0.0pt,0.0pt)
* modes: includehead includefoot 
* h-part:(L,W,R)=(28.45274pt, 540.60245pt, 28.45274pt)
* v-part:(T,H,B)=(28.45274pt, 788.14145pt, 28.45274pt)
* \paperwidth=597.50793pt
* \paperheight=845.04694pt
* \textwidth=540.60245pt
* \textheight=703.14143pt
* \oddsidemargin=-43.81725pt
* \evensidemargin=-43.81725pt
* \topmargin=-43.81725pt
* \headheight=17.0pt
* \headsep=20.40001pt
* \topskip=11.0pt
* \footskip=47.6pt
* \marginparwidth=59.7508pt
* \marginparsep=12.8401pt
* \columnsep=10.0pt
* \skip\footins=10.0pt plus 4.0pt minus 2.0pt
* \hoffset=0.0pt
* \voffset=0.0pt
* \mag=1000
* \@twocolumnfalse
* \@twosidefalse
* \@mparswitchfalse
* \@reversemarginfalse
* (1in=72.27pt=25.4mm, 1cm=28.453pt)

\c@lstlisting=\count143
LaTeX Font Info:    Try loading font information for T1+cmss on input line 56.
("C:\Program Files (x86)\MiKTeX 2.9\tex\latex\base\t1cmss.fd"
File: t1cmss.fd 2014/09/29 v2.5h Standard LaTeX font definitions
)
LaTeX Font Info:    Try loading font information for U+msa on input line 56.

("C:\Program Files (x86)\MiKTeX 2.9\tex\latex\amsfonts\umsa.fd"
File: umsa.fd 2013/01/14 v3.01 AMS symbols A
)
LaTeX Font Info:    Try loading font information for U+msb on input line 56.

("C:\Program Files (x86)\MiKTeX 2.9\tex\latex\amsfonts\umsb.fd"
File: umsb.fd 2013/01/14 v3.01 AMS symbols B
) (PmSwEng.toc)
\tf@toc=\write3
\openout3 = `PmSwEng.toc'.


[1




{C:/Users/Lukas Vassalli/AppData/Local/MiKTeX/2.9/pdftex/config/pdftex.map}]
(sections/softwareEngineering.tex
<./header/lizenzen/cc-by-nc-sa/small.png, id=10, 64.3203pt x 12.045pt>
File: ./header/lizenzen/cc-by-nc-sa/small.png Graphic file (type png)

<use ./header/lizenzen/cc-by-nc-sa/small.png>
Package pdftex.def Info: ./header/lizenzen/cc-by-nc-sa/small.png used on input 
line 65.
(pdftex.def)             Requested size: 45.52458pt x 8.52553pt.
 [2 <./header/lizenzen/cc-by-nc-sa/small.png>] <images/wasserfall_modell.png, i
d=21, 639.38875pt x 485.815pt>
File: images/wasserfall_modell.png Graphic file (type png)

<use images/wasserfall_modell.png>
Package pdftex.def Info: images/wasserfall_modell.png used on input line 85.
(pdftex.def)             Requested size: 227.62204pt x 172.95108pt.

Overfull \hbox (2.42151pt too wide) in paragraph at lines 68--87
$[]$ $[]$ 
 []

<images/v_modell.png, id=22, 991.705pt x 447.6725pt>
File: images/v_modell.png Graphic file (type png)
 <use images/v_modell.png>
Package pdftex.def Info: images/v_modell.png used on input line 92.
(pdftex.def)             Requested size: 341.43306pt x 154.12611pt.

Underfull \hbox (badness 10000) in paragraph at lines 97--98

 []

<images/iterative_entwicklung.png, id=23, 524.96124pt x 312.16624pt>
File: images/iterative_entwicklung.png Graphic file (type png)

<use images/iterative_entwicklung.png>
Package pdftex.def Info: images/iterative_entwicklung.png used on input line 11
1.
(pdftex.def)             Requested size: 227.62204pt x 135.353pt.

Overfull \hbox (2.42151pt too wide) in paragraph at lines 96--113
$[]$ $[]$ 
 []

File: ./header/lizenzen/cc-by-nc-sa/small.png Graphic file (type png)
<use ./header/lizenzen/cc-by-nc-sa/small.png>
Package pdftex.def Info: ./header/lizenzen/cc-by-nc-sa/small.png used on input 
line 115.
(pdftex.def)             Requested size: 45.52458pt x 8.52553pt.
 [3 <./images/wasserfall_modell.png> <./images/v_modell.png>]
<images/spiral_modell.png, id=29, 742.775pt x 572.1375pt>
File: images/spiral_modell.png Graphic file (type png)

<use images/spiral_modell.png>
Package pdftex.def Info: images/spiral_modell.png used on input line 118.
(pdftex.def)             Requested size: 341.43306pt x 263.0031pt.
File: ./header/lizenzen/cc-by-nc-sa/small.png Graphic file (type png)
 <use ./header/lizenzen/cc-by-nc-sa/small.png>
Package pdftex.def Info: ./header/lizenzen/cc-by-nc-sa/small.png used on input 
line 135.
(pdftex.def)             Requested size: 45.52458pt x 8.52553pt.

[4 <./images/iterative_entwicklung.png> <./images/spiral_modell.png>]
<images/extreme_programming.png, id=35, 473.77pt x 485.815pt>
File: images/extreme_programming.png Graphic file (type png)

<use images/extreme_programming.png>
Package pdftex.def Info: images/extreme_programming.png used on input line 145.

(pdftex.def)             Requested size: 170.71652pt x 175.05635pt.

<images/scrum.png, id=36, 677.53125pt x 285.065pt>
File: images/scrum.png Graphic file (type png)
 <use images/scrum.png>
Package pdftex.def Info: images/scrum.png used on input line 157.
(pdftex.def)             Requested size: 227.62204pt x 95.76813pt.

Overfull \hbox (2.42151pt too wide) in paragraph at lines 149--159
$[]$ $[]$ 
 []


Underfull \hbox (badness 10000) in paragraph at lines 161--162

 []

)
File: ./header/lizenzen/cc-by-nc-sa/small.png Graphic file (type png)
 <use ./header/lizenzen/cc-by-nc-sa/small.png>
Package pdftex.def Info: ./header/lizenzen/cc-by-nc-sa/small.png used on input 
line 63.
(pdftex.def)             Requested size: 45.52458pt x 8.52553pt.
 [5 <./images/extreme_programming.png> <./images/scrum.png>] (sections/testing.
tex
<images/fehler_wkeit.png, id=43, 951.555pt x 452.69125pt>
File: images/fehler_wkeit.png Graphic file (type png)

<use images/fehler_wkeit.png>
Package pdftex.def Info: images/fehler_wkeit.png used on input line 14.
(pdftex.def)             Requested size: 213.39566pt x 101.51956pt.

Underfull \hbox (badness 10000) in paragraph at lines 18--20

 []


Underfull \hbox (badness 10000) in paragraph at lines 21--23

 []

<images/wer_testet.png, id=44, 799.98875pt x 461.725pt>
File: images/wer_testet.png Graphic file (type png)

<use images/wer_testet.png>
Package pdftex.def Info: images/wer_testet.png used on input line 64.
(pdftex.def)             Requested size: 227.62204pt x 131.37459pt.
File: ./header/lizenzen/cc-by-nc-sa/small.png Graphic file (type png)
 <use ./header/lizenzen/cc-by-nc-sa/small.png>
Package pdftex.def Info: ./header/lizenzen/cc-by-nc-sa/small.png used on input 
line 73.
(pdftex.def)             Requested size: 45.52458pt x 8.52553pt.

[6 <./images/fehler_wkeit.png> <./images/wer_testet.png>]
Underfull \hbox (badness 10000) in paragraph at lines 77--78

 []


Underfull \hbox (badness 10000) in paragraph at lines 79--83

 []


Underfull \hbox (badness 10000) in paragraph at lines 84--87

 []


Underfull \hbox (badness 10000) in paragraph at lines 88--92

 []


Underfull \hbox (badness 10000) in paragraph at lines 94--95

 []


Underfull \hbox (badness 10000) in paragraph at lines 96--98

 []

)
File: ./header/lizenzen/cc-by-nc-sa/small.png Graphic file (type png)
 <use ./header/lizenzen/cc-by-nc-sa/small.png>
Package pdftex.def Info: ./header/lizenzen/cc-by-nc-sa/small.png used on input 
line 65.
(pdftex.def)             Requested size: 45.52458pt x 8.52553pt.
 [7]
(sections/UnitTestingMitCppUnit.tex) (sections/DokumentationMitDoxygen.tex
File: ./header/lizenzen/cc-by-nc-sa/small.png Graphic file (type png)

<use ./header/lizenzen/cc-by-nc-sa/small.png>
Package pdftex.def Info: ./header/lizenzen/cc-by-nc-sa/small.png used on input 
line 16.
(pdftex.def)             Requested size: 45.52458pt x 8.52553pt.
 [8])
(sections/projectManagement.tex
<images/fastgoodcheap.png, id=58, 187.902pt x 192.11775pt>
File: images/fastgoodcheap.png Graphic file (type png)

<use images/fastgoodcheap.png>
Package pdftex.def Info: images/fastgoodcheap.png used on input line 29.
(pdftex.def)             Requested size: 85.35826pt x 87.273pt.

<images/Projektdreieck.png, id=59, 126.4725pt x 95.75775pt>
File: images/Projektdreieck.png Graphic file (type png)

<use images/Projektdreieck.png>
Package pdftex.def Info: images/Projektdreieck.png used on input line 30.
(pdftex.def)             Requested size: 85.35826pt x 64.6293pt.
File: ./header/lizenzen/cc-by-nc-sa/small.png Graphic file (type png)
 <use ./header/lizenzen/cc-by-nc-sa/small.png>
Package pdftex.def Info: ./header/lizenzen/cc-by-nc-sa/small.png used on input 
line 45.
(pdftex.def)             Requested size: 45.52458pt x 8.52553pt.

[9 <./images/fastgoodcheap.png> <./images/Projektdreieck.png>]
<images/Projektablauf.png, id=65, 475.7775pt x 327.624pt>
File: images/Projektablauf.png Graphic file (type png)

<use images/Projektablauf.png>
Package pdftex.def Info: images/Projektablauf.png used on input line 48.
(pdftex.def)             Requested size: 341.43306pt x 235.12422pt.
File: ./header/lizenzen/cc-by-nc-sa/small.png Graphic file (type png)
 <use ./header/lizenzen/cc-by-nc-sa/small.png>
Package pdftex.def Info: ./header/lizenzen/cc-by-nc-sa/small.png used on input 
line 74.
(pdftex.def)             Requested size: 45.52458pt x 8.52553pt.

[10 <./images/Projektablauf.png>]) (sections/VersionskontrolleMitGit.tex
<images/GitVsSubversion.png, id=70, 511.15968pt x 303.38344pt>
File: images/GitVsSubversion.png Graphic file (type png)

<use images/GitVsSubversion.png>
Package pdftex.def Info: images/GitVsSubversion.png used on input line 20.
(pdftex.def)             Requested size: 341.43306pt x 202.64552pt.
File: ./header/lizenzen/cc-by-nc-sa/small.png Graphic file (type png)
 <use ./header/lizenzen/cc-by-nc-sa/small.png>
Package pdftex.def Info: ./header/lizenzen/cc-by-nc-sa/small.png used on input 
line 22.
(pdftex.def)             Requested size: 45.52458pt x 8.52553pt.

[11] <images/GITKonzept.png, id=74, 496.85625pt x 311.36325pt>
File: images/GITKonzept.png Graphic file (type png)

<use images/GITKonzept.png>
Package pdftex.def Info: images/GITKonzept.png used on input line 23.
(pdftex.def)             Requested size: 341.43306pt x 213.96669pt.
File: ./header/lizenzen/cc-by-nc-sa/small.png Graphic file (type png)
 <use ./header/lizenzen/cc-by-nc-sa/small.png>
Package pdftex.def Info: ./header/lizenzen/cc-by-nc-sa/small.png used on input 
line 36.
(pdftex.def)             Requested size: 45.52458pt x 8.52553pt.

[12 <./images/GitVsSubversion.png> <./images/GITKonzept.png>]
<images/4Typen.png, id=80, 435.12563pt x 304.88907pt>
File: images/4Typen.png Graphic file (type png)
 <use images/4Typen.png>
Package pdftex.def Info: images/4Typen.png used on input line 36.
(pdftex.def)             Requested size: 227.62204pt x 159.49693pt.

<images/BSPGit.png, id=81, 1037.37563pt x 457.71pt>
File: images/BSPGit.png Graphic file (type png)
 <use images/BSPGit.png>
Package pdftex.def Info: images/BSPGit.png used on input line 46.
(pdftex.def)             Requested size: 569.05511pt x 251.09177pt.

Overfull \hbox (28.45267pt too wide) in paragraph at lines 46--47
[] 
 []

File: ./header/lizenzen/cc-by-nc-sa/small.png Graphic file (type png)
<use ./header/lizenzen/cc-by-nc-sa/small.png>
Package pdftex.def Info: ./header/lizenzen/cc-by-nc-sa/small.png used on input 
line 47.
(pdftex.def)             Requested size: 45.52458pt x 8.52553pt.
 [13 <./images/4Typen.png> <./images/BSPGit.png>]
LaTeX Font Info:    Try loading font information for T1+cmtt on input line 49.
 ("C:\Program Files (x86)\MiKTeX 2.9\tex\latex\base\t1cmtt.fd"
File: t1cmtt.fd 2014/09/29 v2.5h Standard LaTeX font definitions
)
(source/Git/GitHelp.txt
LaTeX Font Info:    Font shape `T1/cmtt/bx/n' in size <10.95> not available
(Font)              Font shape `T1/cmtt/m/n' tried instead on input line 1.
))
File: ./header/lizenzen/cc-by-nc-sa/small.png Graphic file (type png)
 <use ./header/lizenzen/cc-by-nc-sa/small.png>
Package pdftex.def Info: ./header/lizenzen/cc-by-nc-sa/small.png used on input 
line 70.
(pdftex.def)             Requested size: 45.52458pt x 8.52553pt.

[14] (sections/qt.tex
<images/Interaktion.png, id=92, 381.67593pt x 229.60782pt>
File: images/Interaktion.png Graphic file (type png)

<use images/Interaktion.png>
Package pdftex.def Info: images/Interaktion.png used on input line 34.
(pdftex.def)             Requested size: 170.71652pt x 102.69893pt.
File: ./header/lizenzen/cc-by-nc-sa/small.png Graphic file (type png)
 <use ./header/lizenzen/cc-by-nc-sa/small.png>
Package pdftex.def Info: ./header/lizenzen/cc-by-nc-sa/small.png used on input 
line 46.
(pdftex.def)             Requested size: 45.52458pt x 8.52553pt.

[15 <./images/Interaktion.png>]
<images/ParentChild.png, id=97, 563.85657pt x 639.89063pt>
File: images/ParentChild.png Graphic file (type png)

<use images/ParentChild.png>
Package pdftex.def Info: images/ParentChild.png used on input line 74.
(pdftex.def)             Requested size: 113.81102pt x 129.15729pt.

<images/layout.png, id=98, 496.85625pt x 289.08pt>
File: images/layout.png Graphic file (type png)
 <use images/layout.png>
Package pdftex.def Info: images/layout.png used on input line 79.
(pdftex.def)             Requested size: 284.52756pt x 165.54482pt.

<images/layout2.png, id=99, 493.845pt x 301.125pt>
File: images/layout2.png Graphic file (type png)
 <use images/layout2.png>
Package pdftex.def Info: images/layout2.png used on input line 81.
(pdftex.def)             Requested size: 284.52756pt x 173.49013pt.
File: ./header/lizenzen/cc-by-nc-sa/small.png Graphic file (type png)

<use ./header/lizenzen/cc-by-nc-sa/small.png>
Package pdftex.def Info: ./header/lizenzen/cc-by-nc-sa/small.png used on input 
line 89.
(pdftex.def)             Requested size: 45.52458pt x 8.52553pt.
 [16 <./images/ParentChild.png> <./images/layout.png> <./images/layout2.png>]
<images/Signals_and_Slots.png, id=106, 523.9575pt x 295.1025pt>
File: images/Signals_and_Slots.png Graphic file (type png)

<use images/Signals_and_Slots.png>
Package pdftex.def Info: images/Signals_and_Slots.png used on input line 95.
(pdftex.def)             Requested size: 426.79134pt x 240.38257pt.

Overfull \hbox (0.97546pt too wide) in paragraph at lines 95--98
[] \T1/cmr/m/n/10.95 In den .cpp Da-tei-en darf
 []

File: ./header/lizenzen/cc-by-nc-sa/small.png Graphic file (type png)
<use ./header/lizenzen/cc-by-nc-sa/small.png>
Package pdftex.def Info: ./header/lizenzen/cc-by-nc-sa/small.png used on input 
line 125.
(pdftex.def)             Requested size: 45.52458pt x 8.52553pt.
 [17 <./images/Signals_and_Slots.png>])
File: ./header/lizenzen/cc-by-nc-sa/small.png Graphic file (type png)
 <use ./header/lizenzen/cc-by-nc-sa/small.png>
Package pdftex.def Info: ./header/lizenzen/cc-by-nc-sa/small.png used on input 
line 72.
(pdftex.def)             Requested size: 45.52458pt x 8.52553pt.
 [18] (sections/examples.tex (source/CppUnit/AuthorTest.cpp)
File: ./header/lizenzen/cc-by-nc-sa/small.png Graphic file (type png)
 <use ./header/lizenzen/cc-by-nc-sa/small.png>
Package pdftex.def Info: ./header/lizenzen/cc-by-nc-sa/small.png used on input 
line 5.
(pdftex.def)             Requested size: 45.52458pt x 8.52553pt.

[19] (source/CppUnit/testmain.cpp) (source/CppUnit/testMyDate.cpp
File: ./header/lizenzen/cc-by-nc-sa/small.png Graphic file (type png)

<use ./header/lizenzen/cc-by-nc-sa/small.png>
Package pdftex.def Info: ./header/lizenzen/cc-by-nc-sa/small.png used on input 
line 10.
(pdftex.def)             Requested size: 45.52458pt x 8.52553pt.
 [20]
File: ./header/lizenzen/cc-by-nc-sa/small.png Graphic file (type png)

<use ./header/lizenzen/cc-by-nc-sa/small.png>
Package pdftex.def Info: ./header/lizenzen/cc-by-nc-sa/small.png used on input 
line 60.
(pdftex.def)             Requested size: 45.52458pt x 8.52553pt.
 [21]
File: ./header/lizenzen/cc-by-nc-sa/small.png Graphic file (type png)

<use ./header/lizenzen/cc-by-nc-sa/small.png>
Package pdftex.def Info: ./header/lizenzen/cc-by-nc-sa/small.png used on input 
line 111.
(pdftex.def)             Requested size: 45.52458pt x 8.52553pt.
 [22]
File: ./header/lizenzen/cc-by-nc-sa/small.png Graphic file (type png)

<use ./header/lizenzen/cc-by-nc-sa/small.png>
Package pdftex.def Info: ./header/lizenzen/cc-by-nc-sa/small.png used on input 
line 162.
(pdftex.def)             Requested size: 45.52458pt x 8.52553pt.
 [23]
File: ./header/lizenzen/cc-by-nc-sa/small.png Graphic file (type png)

<use ./header/lizenzen/cc-by-nc-sa/small.png>
Package pdftex.def Info: ./header/lizenzen/cc-by-nc-sa/small.png used on input 
line 213.
(pdftex.def)             Requested size: 45.52458pt x 8.52553pt.
 [24])
File: ./header/lizenzen/cc-by-nc-sa/small.png Graphic file (type png)

<use ./header/lizenzen/cc-by-nc-sa/small.png>
Package pdftex.def Info: ./header/lizenzen/cc-by-nc-sa/small.png used on input 
line 9.
(pdftex.def)             Requested size: 45.52458pt x 8.52553pt.
 [25] (source/CppUnit/MyDate.h
File: ./header/lizenzen/cc-by-nc-sa/small.png Graphic file (type png)

<use ./header/lizenzen/cc-by-nc-sa/small.png>
Package pdftex.def Info: ./header/lizenzen/cc-by-nc-sa/small.png used on input 
line 50.
(pdftex.def)             Requested size: 45.52458pt x 8.52553pt.
 [26]) (source/CppUnit/MyDate.cpp
File: ./header/lizenzen/cc-by-nc-sa/small.png Graphic file (type png)

<use ./header/lizenzen/cc-by-nc-sa/small.png>
Package pdftex.def Info: ./header/lizenzen/cc-by-nc-sa/small.png used on input 
line 16.
(pdftex.def)             Requested size: 45.52458pt x 8.52553pt.
 [27]
File: ./header/lizenzen/cc-by-nc-sa/small.png Graphic file (type png)

<use ./header/lizenzen/cc-by-nc-sa/small.png>
Package pdftex.def Info: ./header/lizenzen/cc-by-nc-sa/small.png used on input 
line 67.
(pdftex.def)             Requested size: 45.52458pt x 8.52553pt.
 [28]
File: ./header/lizenzen/cc-by-nc-sa/small.png Graphic file (type png)

<use ./header/lizenzen/cc-by-nc-sa/small.png>
Package pdftex.def Info: ./header/lizenzen/cc-by-nc-sa/small.png used on input 
line 118.
(pdftex.def)             Requested size: 45.52458pt x 8.52553pt.
 [29]
File: ./header/lizenzen/cc-by-nc-sa/small.png Graphic file (type png)

<use ./header/lizenzen/cc-by-nc-sa/small.png>
Package pdftex.def Info: ./header/lizenzen/cc-by-nc-sa/small.png used on input 
line 169.
(pdftex.def)             Requested size: 45.52458pt x 8.52553pt.
 [30])
File: ./header/lizenzen/cc-by-nc-sa/small.png Graphic file (type png)

<use ./header/lizenzen/cc-by-nc-sa/small.png>
Package pdftex.def Info: ./header/lizenzen/cc-by-nc-sa/small.png used on input 
line 15.
(pdftex.def)             Requested size: 45.52458pt x 8.52553pt.
 [31] (source/Doxygen/mainpage.h)
(source/Doxygen/Keyboard.h
File: ./header/lizenzen/cc-by-nc-sa/small.png Graphic file (type png)
 <use ./header/lizenzen/cc-by-nc-sa/small.png>
Package pdftex.def Info: ./header/lizenzen/cc-by-nc-sa/small.png used on input 
line 35.
(pdftex.def)             Requested size: 45.52458pt x 8.52553pt.

[32]) (source/Doxygen/Keyboard.cpp
File: ./header/lizenzen/cc-by-nc-sa/small.png Graphic file (type png)

<use ./header/lizenzen/cc-by-nc-sa/small.png>
Package pdftex.def Info: ./header/lizenzen/cc-by-nc-sa/small.png used on input 
line 23.
(pdftex.def)             Requested size: 45.52458pt x 8.52553pt.
 [33]
File: ./header/lizenzen/cc-by-nc-sa/small.png Graphic file (type png)

<use ./header/lizenzen/cc-by-nc-sa/small.png>
Package pdftex.def Info: ./header/lizenzen/cc-by-nc-sa/small.png used on input 
line 73.
(pdftex.def)             Requested size: 45.52458pt x 8.52553pt.
 [34])
File: ./header/lizenzen/cc-by-nc-sa/small.png Graphic file (type png)

<use ./header/lizenzen/cc-by-nc-sa/small.png>
Package pdftex.def Info: ./header/lizenzen/cc-by-nc-sa/small.png used on input 
line 24.
(pdftex.def)             Requested size: 45.52458pt x 8.52553pt.
 [35] (source/Qt/HelloWorld.cpp)
(source/Qt/main.cpp) (source/Qt/layout.cpp
File: ./header/lizenzen/cc-by-nc-sa/small.png Graphic file (type png)

<use ./header/lizenzen/cc-by-nc-sa/small.png>
Package pdftex.def Info: ./header/lizenzen/cc-by-nc-sa/small.png used on input 
line 11.
(pdftex.def)             Requested size: 45.52458pt x 8.52553pt.
 [36]) (source/Qt/layout2.cpp)
(source/Qt/zeichnen.cpp
File: ./header/lizenzen/cc-by-nc-sa/small.png Graphic file (type png)
 <use ./header/lizenzen/cc-by-nc-sa/small.png>
Package pdftex.def Info: ./header/lizenzen/cc-by-nc-sa/small.png used on input 
line 19.
(pdftex.def)             Requested size: 45.52458pt x 8.52553pt.
 [37])
(source/Qt/TemperaturWidget.h) (source/Qt/TemperaturWidget.cpp
File: ./header/lizenzen/cc-by-nc-sa/small.png Graphic file (type png)

<use ./header/lizenzen/cc-by-nc-sa/small.png>
Package pdftex.def Info: ./header/lizenzen/cc-by-nc-sa/small.png used on input 
line 9.
(pdftex.def)             Requested size: 45.52458pt x 8.52553pt.
 [38]
File: ./header/lizenzen/cc-by-nc-sa/small.png Graphic file (type png)

<use ./header/lizenzen/cc-by-nc-sa/small.png>
Package pdftex.def Info: ./header/lizenzen/cc-by-nc-sa/small.png used on input 
line 60.
(pdftex.def)             Requested size: 45.52458pt x 8.52553pt.
 [39]))
File: ./header/lizenzen/cc-by-nc-sa/small.png Graphic file (type png)

<use ./header/lizenzen/cc-by-nc-sa/small.png>
Package pdftex.def Info: ./header/lizenzen/cc-by-nc-sa/small.png used on input 
line 74.
(pdftex.def)             Requested size: 45.52458pt x 8.52553pt.
 [40] (sections/QtBibliothek.tex
<images/widgets1.png, id=185, 405.9165pt x 104.7915pt>
File: images/widgets1.png Graphic file (type png)

<use images/widgets1.png>
Package pdftex.def Info: images/widgets1.png used on input line 5.
(pdftex.def)             Requested size: 170.71652pt x 44.07289pt.
 <images/widget2.png, id=186, 423.984pt x 136.1085pt>
File: images/widget2.png Graphic file (type png)

<use images/widget2.png>
Package pdftex.def Info: images/widget2.png used on input line 6.
(pdftex.def)             Requested size: 170.71652pt x 54.80379pt.
 <images/widget3.png, id=187, 428.802pt x 167.4255pt>
File: images/widget3.png Graphic file (type png)

<use images/widget3.png>
Package pdftex.def Info: images/widget3.png used on input line 7.
(pdftex.def)             Requested size: 170.71652pt x 66.65477pt.
 <images/widget4.png, id=188, 411.33675pt x 267.399pt>
File: images/widget4.png Graphic file (type png)

<use images/widget4.png>
Package pdftex.def Info: images/widget4.png used on input line 8.
(pdftex.def)             Requested size: 170.71652pt x 110.97667pt.
 <images/widget5.png, id=189, 355.92975pt x 231.264pt>
File: images/widget5.png Graphic file (type png)

<use images/widget5.png>
Package pdftex.def Info: images/widget5.png used on input line 9.
(pdftex.def)             Requested size: 170.71652pt x 110.92429pt.

<images/widget6.png, id=190, 311.9655pt x 152.36925pt>
File: images/widget6.png Graphic file (type png)

<use images/widget6.png>
Package pdftex.def Info: images/widget6.png used on input line 10.
(pdftex.def)             Requested size: 170.71652pt x 83.38252pt.
 <images/widget7.png, id=191, 316.7835pt x 150.5625pt>
File: images/widget7.png Graphic file (type png)

<use images/widget7.png>
Package pdftex.def Info: images/widget7.png used on input line 11.
(pdftex.def)             Requested size: 170.71652pt x 81.13712pt.
 <images/widget8.png, id=192, 398.6895pt x 162.6075pt>
File: images/widget8.png Graphic file (type png)

<use images/widget8.png>
Package pdftex.def Info: images/widget8.png used on input line 12.
(pdftex.def)             Requested size: 170.71652pt x 69.62708pt.

<images/widget9.png, id=193, 377.61075pt x 217.41225pt>
File: images/widget9.png Graphic file (type png)

<use images/widget9.png>
Package pdftex.def Info: images/widget9.png used on input line 13.
(pdftex.def)             Requested size: 170.71652pt x 98.28908pt.

<images/widget10.png, id=194, 378.81525pt x 208.98074pt>
File: images/widget10.png Graphic file (type png)

<use images/widget10.png>
Package pdftex.def Info: images/widget10.png used on input line 14.
(pdftex.def)             Requested size: 170.71652pt x 94.17757pt.

<images/drawMethoden1.png, id=195, 289.68225pt x 225.84375pt>
File: images/drawMethoden1.png Graphic file (type png)

<use images/drawMethoden1.png>
Package pdftex.def Info: images/drawMethoden1.png used on input line 19.
(pdftex.def)             Requested size: 170.71652pt x 133.09846pt.

<images/drawMethoden2.png, id=196, 293.898pt x 218.0145pt>
File: images/drawMethoden2.png Graphic file (type png)

<use images/drawMethoden2.png>
Package pdftex.def Info: images/drawMethoden2.png used on input line 20.
(pdftex.def)             Requested size: 170.71652pt x 126.63809pt.

<images/QPen1.png, id=197, 308.95425pt x 174.6525pt>
File: images/QPen1.png Graphic file (type png)
 <use images/QPen1.png>
Package pdftex.def Info: images/QPen1.png used on input line 25.
(pdftex.def)             Requested size: 170.71652pt x 96.50421pt.

<images/QPen2.png, id=198, 298.11375pt x 102.98476pt>
File: images/QPen2.png Graphic file (type png)
 <use images/QPen2.png>
Package pdftex.def Info: images/QPen2.png used on input line 26.
(pdftex.def)             Requested size: 170.71652pt x 58.97533pt.
File: ./header/lizenzen/cc-by-nc-sa/small.png Graphic file (type png)

<use ./header/lizenzen/cc-by-nc-sa/small.png>
Package pdftex.def Info: ./header/lizenzen/cc-by-nc-sa/small.png used on input 
line 29.
(pdftex.def)             Requested size: 45.52458pt x 8.52553pt.
 [41 <./images/widgets1.png> <./images/widget2.png> <./images/widget3.png> <./i
mages/widget4.png> <./images/widget5.png> <./images/widget6.png> <./images/widg
et7.png> <./images/widget8.png> <./images/widget9.png> <./images/widget10.png> 
<./images/drawMethoden1.png> <./images/drawMethoden2.png>] <images/QBrush.png, 
id=214, 296.307pt x 151.16475pt>
File: images/QBrush.png Graphic file (type png)

<use images/QBrush.png>
Package pdftex.def Info: images/QBrush.png used on input line 31.
(pdftex.def)             Requested size: 170.71652pt x 87.09435pt.
)
File: ./header/lizenzen/cc-by-nc-sa/small.png Graphic file (type png)
 <use ./header/lizenzen/cc-by-nc-sa/small.png>
Package pdftex.def Info: ./header/lizenzen/cc-by-nc-sa/small.png used on input 
line 77.
(pdftex.def)             Requested size: 45.52458pt x 8.52553pt.
 [42 <./images/QPen1.png> <./images/QPen2.png> <./images/QBrush.png>] (PmSwEng.
aux) ) 
Here is how much of TeX's memory you used:
 12024 strings out of 493634
 178529 string characters out of 3141284
 666986 words of memory out of 3000000
 15087 multiletter control sequences out of 15000+200000
 26291 words of font info for 74 fonts, out of 3000000 for 9000
 1025 hyphenation exceptions out of 8191
 53i,11n,58p,346b,1791s stack positions out of 5000i,500n,10000p,200000b,50000s
{C:/Users/Lukas Vassalli/AppData/Local/Programs/MiKTeX 2.9/fonts/enc/dvip
s/cm-super/cm-super-t1.enc}{C:/Users/Lukas Vassalli/AppData/Local/Programs/MiKT
eX 2.9/fonts/enc/dvips/cm-super/cm-super-ts1.enc}<C:/Program Files (x86)/MiKTeX
 2.9/fonts/type1/public/amsfonts/cm/cmr10.pfb><C:/Users/Lukas Vassalli/AppData/
Local/Programs/MiKTeX 2.9/fonts/type1/public/mathabx-type1/matha10.pfb><C:/User
s/Lukas Vassalli/AppData/Local/Programs/MiKTeX 2.9/fonts/type1/public/mathabx-t
ype1/matha8.pfb><C:/Users/Lukas Vassalli/AppData/Local/Programs/MiKTeX 2.9/font
s/type1/public/mathabx-type1/mathb10.pfb><C:/Users/Lukas Vassalli/AppData/Local
/Programs/MiKTeX 2.9/fonts/type1/public/cm-super/sfbx1095.pfb><C:/Users/Lukas V
assalli/AppData/Local/Programs/MiKTeX 2.9/fonts/type1/public/cm-super/sfrm1095.
pfb><C:/Users/Lukas Vassalli/AppData/Local/Programs/MiKTeX 2.9/fonts/type1/publ
ic/cm-super/sfrm1440.pfb><C:/Users/Lukas Vassalli/AppData/Local/Programs/MiKTeX
 2.9/fonts/type1/public/cm-super/sfsl1095.pfb><C:/Users/Lukas Vassalli/AppData/
Local/Programs/MiKTeX 2.9/fonts/type1/public/cm-super/sfsx1095.pfb><C:/Users/Lu
kas Vassalli/AppData/Local/Programs/MiKTeX 2.9/fonts/type1/public/cm-super/sfsx
1200.pfb><C:/Users/Lukas Vassalli/AppData/Local/Programs/MiKTeX 2.9/fonts/type1
/public/cm-super/sfsx1440.pfb><C:/Users/Lukas Vassalli/AppData/Local/Programs/M
iKTeX 2.9/fonts/type1/public/cm-super/sfsx2488.pfb><C:/Users/Lukas Vassalli/App
Data/Local/Programs/MiKTeX 2.9/fonts/type1/public/cm-super/sfti1095.pfb><C:/Use
rs/Lukas Vassalli/AppData/Local/Programs/MiKTeX 2.9/fonts/type1/public/cm-super
/sftt1095.pfb>
Output written on PmSwEng.pdf (42 pages, 3669518 bytes).
PDF statistics:
 270 PDF objects out of 1000 (max. 8388607)
 0 named destinations out of 1000 (max. 500000)
 181 words of extra memory for PDF output out of 10000 (max. 10000000)

